[2024-11-18 15:23:39][25092][C:\work\venom.slave\workspace\test.engine.build.release_master@2\cpp\cpptest\modules\cpptestcc\src\Cpptestcc.cc:456] [cpptestcc] Command line: "engine\bin\cpptestcc1" -compiler gcc_7-64 -line-coverage -- cc -I include -D defines -c Account.cxx 
[2024-11-18 15:23:39][25092][C:\work\venom.slave\workspace\test.engine.build.release_master@2\cpp\cpptest\modules\cpptestcc\src\Coverage.cc:200] [cpptestcc] Preparing code instrumentation for Account.cxx
[2024-11-18 15:23:39][25092][C:\work\venom.slave\workspace\test.engine.build.release_master@2\cpp\cpptest\modules\cpptestcc\src\Coverage.cc:203] [cpptestcc] Source file path (absolute): d:\workspace\2024.1\ATM\Account.cxx
[2024-11-18 15:23:39][25092][C:\work\venom.slave\workspace\test.engine.build.release_master@2\cpp\cpptest\modules\cpptestcc\src\Coverage.cc:204] [cpptestcc] Source file path (relative): Account.cxx
[2024-11-18 15:23:39][25092][C:\work\venom.slave\workspace\test.engine.build.release_master@2\cpp\cpptest\modules\cpptestcc\src\CmdlnTools.cc:390] [cpptestcc] Executing xharness for file: Account.cxx
[2024-11-18 15:23:39][25092][C:\work\venom.slave\workspace\test.engine.build.release_master@2\cpp\cpptest\modules\cpptestcc\src\CmdlnTools.cc:122] [cpptestcc] Executing command: "c:\Parasoft\cpptest\2024.1_standalone\bin\engine\bin/xharness" "--dtp=true" "--input=Account.cxx" "--outputFileName=.\.cpptest/cpptestcc\1731939819644_25092\0\Account.cxx" "--compiler-cfg-file=c:\Parasoft\cpptest\2024.1_standalone\bin\engine\etc\compilers\gcc_7-64\cpp.psrc" "--preprocessorExecutable=cc" "--psrc=.\.cpptest/cpptestcc\1731939819644_25092\0\xharness.psrc"  --native-options-start -I include -D defines -c  --native-options-end
[2024-11-18 15:23:40][25092][C:\work\venom.slave\workspace\test.engine.build.release_master@2\cpp\cpptest\modules\cpptestcc\src\CmdlnTools.cc:157] [cpptestcc] Command finished with exit status: 1
[2024-11-18 15:23:40][25092][C:\work\venom.slave\workspace\test.engine.build.release_master@2\cpp\cpptest\modules\cpptestcc\src\CmdlnTools.cc:140] xharness=1
[2024-11-18 15:23:40][25092][C:\work\venom.slave\workspace\test.engine.build.release_master@2\cpp\cpptest\modules\cpptestcc\src\CmdlnTools.cc:84] [cpptestcc] "/usr/lib/gcc/x86_64-pc-cygwin/11/include/c++/type_traits", line 1406: error:
[2024-11-18 15:23:40][25092][C:\work\venom.slave\workspace\test.engine.build.release_master@2\cpp\cpptest\modules\cpptestcc\src\CmdlnTools.cc:84] [cpptestcc]           type name is not allowed
[2024-11-18 15:23:40][25092][C:\work\venom.slave\workspace\test.engine.build.release_master@2\cpp\cpptest\modules\cpptestcc\src\CmdlnTools.cc:84] [cpptestcc]       : public integral_constant<bool, __is_same(_Tp, _Up)>
[2024-11-18 15:23:40][25092][C:\work\venom.slave\workspace\test.engine.build.release_master@2\cpp\cpptest\modules\cpptestcc\src\CmdlnTools.cc:84] [cpptestcc]                                                  ^
[2024-11-18 15:23:40][25092][C:\work\venom.slave\workspace\test.engine.build.release_master@2\cpp\cpptest\modules\cpptestcc\src\CmdlnTools.cc:84] [cpptestcc] 
[2024-11-18 15:23:40][25092][C:\work\venom.slave\workspace\test.engine.build.release_master@2\cpp\cpptest\modules\cpptestcc\src\CmdlnTools.cc:84] [cpptestcc] "/usr/lib/gcc/x86_64-pc-cygwin/11/include/c++/type_traits", line 1406: error:
[2024-11-18 15:23:40][25092][C:\work\venom.slave\workspace\test.engine.build.release_master@2\cpp\cpptest\modules\cpptestcc\src\CmdlnTools.cc:84] [cpptestcc]           type name is not allowed
[2024-11-18 15:23:40][25092][C:\work\venom.slave\workspace\test.engine.build.release_master@2\cpp\cpptest\modules\cpptestcc\src\CmdlnTools.cc:84] [cpptestcc]       : public integral_constant<bool, __is_same(_Tp, _Up)>
[2024-11-18 15:23:40][25092][C:\work\venom.slave\workspace\test.engine.build.release_master@2\cpp\cpptest\modules\cpptestcc\src\CmdlnTools.cc:84] [cpptestcc]                                                       ^
[2024-11-18 15:23:40][25092][C:\work\venom.slave\workspace\test.engine.build.release_master@2\cpp\cpptest\modules\cpptestcc\src\CmdlnTools.cc:84] [cpptestcc] 
[2024-11-18 15:23:40][25092][C:\work\venom.slave\workspace\test.engine.build.release_master@2\cpp\cpptest\modules\cpptestcc\src\CmdlnTools.cc:84] [cpptestcc] "/usr/lib/gcc/x86_64-pc-cygwin/11/include/c++/type_traits", line 1406: error:
[2024-11-18 15:23:40][25092][C:\work\venom.slave\workspace\test.engine.build.release_master@2\cpp\cpptest\modules\cpptestcc\src\CmdlnTools.cc:84] [cpptestcc]           identifier "__is_same" is undefined
[2024-11-18 15:23:40][25092][C:\work\venom.slave\workspace\test.engine.build.release_master@2\cpp\cpptest\modules\cpptestcc\src\CmdlnTools.cc:84] [cpptestcc]       : public integral_constant<bool, __is_same(_Tp, _Up)>
[2024-11-18 15:23:40][25092][C:\work\venom.slave\workspace\test.engine.build.release_master@2\cpp\cpptest\modules\cpptestcc\src\CmdlnTools.cc:84] [cpptestcc]                                        ^
[2024-11-18 15:23:40][25092][C:\work\venom.slave\workspace\test.engine.build.release_master@2\cpp\cpptest\modules\cpptestcc\src\CmdlnTools.cc:84] [cpptestcc] 
[2024-11-18 15:23:40][25092][C:\work\venom.slave\workspace\test.engine.build.release_master@2\cpp\cpptest\modules\cpptestcc\src\CmdlnTools.cc:84] [cpptestcc] "/usr/lib/gcc/x86_64-pc-cygwin/11/include/c++/type_traits", line 3251: error:
[2024-11-18 15:23:40][25092][C:\work\venom.slave\workspace\test.engine.build.release_master@2\cpp\cpptest\modules\cpptestcc\src\CmdlnTools.cc:84] [cpptestcc]           type name is not allowed
[2024-11-18 15:23:40][25092][C:\work\venom.slave\workspace\test.engine.build.release_master@2\cpp\cpptest\modules\cpptestcc\src\CmdlnTools.cc:84] [cpptestcc]     inline constexpr bool is_same_v = __is_same(_Tp, _Up);
[2024-11-18 15:23:40][25092][C:\work\venom.slave\workspace\test.engine.build.release_master@2\cpp\cpptest\modules\cpptestcc\src\CmdlnTools.cc:84] [cpptestcc]                                                 ^
[2024-11-18 15:23:40][25092][C:\work\venom.slave\workspace\test.engine.build.release_master@2\cpp\cpptest\modules\cpptestcc\src\CmdlnTools.cc:84] [cpptestcc] 
[2024-11-18 15:23:40][25092][C:\work\venom.slave\workspace\test.engine.build.release_master@2\cpp\cpptest\modules\cpptestcc\src\CmdlnTools.cc:84] [cpptestcc] "/usr/lib/gcc/x86_64-pc-cygwin/11/include/c++/type_traits", line 3251: error:
[2024-11-18 15:23:40][25092][C:\work\venom.slave\workspace\test.engine.build.release_master@2\cpp\cpptest\modules\cpptestcc\src\CmdlnTools.cc:84] [cpptestcc]           type name is not allowed
[2024-11-18 15:23:40][25092][C:\work\venom.slave\workspace\test.engine.build.release_master@2\cpp\cpptest\modules\cpptestcc\src\CmdlnTools.cc:84] [cpptestcc]     inline constexpr bool is_same_v = __is_same(_Tp, _Up);
[2024-11-18 15:23:40][25092][C:\work\venom.slave\workspace\test.engine.build.release_master@2\cpp\cpptest\modules\cpptestcc\src\CmdlnTools.cc:84] [cpptestcc]                                                      ^
[2024-11-18 15:23:40][25092][C:\work\venom.slave\workspace\test.engine.build.release_master@2\cpp\cpptest\modules\cpptestcc\src\CmdlnTools.cc:84] [cpptestcc] 
[2024-11-18 15:23:40][25092][C:\work\venom.slave\workspace\test.engine.build.release_master@2\cpp\cpptest\modules\cpptestcc\src\CmdlnTools.cc:84] [cpptestcc] "/usr/lib/gcc/x86_64-pc-cygwin/11/include/c++/bits/stl_pair.h", line 460:
[2024-11-18 15:23:40][25092][C:\work\venom.slave\workspace\test.engine.build.release_master@2\cpp\cpptest\modules\cpptestcc\src\CmdlnTools.cc:84] [cpptestcc]           error: argument list for class template "std::pair" is missing
[2024-11-18 15:23:40][25092][C:\work\venom.slave\workspace\test.engine.build.release_master@2\cpp\cpptest\modules\cpptestcc\src\CmdlnTools.cc:84] [cpptestcc]     template<typename _T1, typename _T2> pair(_T1, _T2) -> pair<_T1, _T2>;
[2024-11-18 15:23:40][25092][C:\work\venom.slave\workspace\test.engine.build.release_master@2\cpp\cpptest\modules\cpptestcc\src\CmdlnTools.cc:84] [cpptestcc]                                          ^
[2024-11-18 15:23:40][25092][C:\work\venom.slave\workspace\test.engine.build.release_master@2\cpp\cpptest\modules\cpptestcc\src\CmdlnTools.cc:84] [cpptestcc] 
[2024-11-18 15:23:40][25092][C:\work\venom.slave\workspace\test.engine.build.release_master@2\cpp\cpptest\modules\cpptestcc\src\CmdlnTools.cc:84] [cpptestcc] "/usr/lib/gcc/x86_64-pc-cygwin/11/include/c++/bits/stl_pair.h", line 460:
[2024-11-18 15:23:40][25092][C:\work\venom.slave\workspace\test.engine.build.release_master@2\cpp\cpptest\modules\cpptestcc\src\CmdlnTools.cc:84] [cpptestcc]           error: expected a ")"
[2024-11-18 15:23:40][25092][C:\work\venom.slave\workspace\test.engine.build.release_master@2\cpp\cpptest\modules\cpptestcc\src\CmdlnTools.cc:84] [cpptestcc]     template<typename _T1, typename _T2> pair(_T1, _T2) -> pair<_T1, _T2>;
[2024-11-18 15:23:40][25092][C:\work\venom.slave\workspace\test.engine.build.release_master@2\cpp\cpptest\modules\cpptestcc\src\CmdlnTools.cc:84] [cpptestcc]                                                  ^
[2024-11-18 15:23:40][25092][C:\work\venom.slave\workspace\test.engine.build.release_master@2\cpp\cpptest\modules\cpptestcc\src\CmdlnTools.cc:84] [cpptestcc] 
[2024-11-18 15:23:40][25092][C:\work\venom.slave\workspace\test.engine.build.release_master@2\cpp\cpptest\modules\cpptestcc\src\CmdlnTools.cc:84] [cpptestcc] "/usr/lib/gcc/x86_64-pc-cygwin/11/include/c++/bits/stl_pair.h", line 460:
[2024-11-18 15:23:40][25092][C:\work\venom.slave\workspace\test.engine.build.release_master@2\cpp\cpptest\modules\cpptestcc\src\CmdlnTools.cc:84] [cpptestcc]           error: template parameter "_T1" may not be redeclared in this scope
[2024-11-18 15:23:40][25092][C:\work\venom.slave\workspace\test.engine.build.release_master@2\cpp\cpptest\modules\cpptestcc\src\CmdlnTools.cc:84] [cpptestcc]     template<typename _T1, typename _T2> pair(_T1, _T2) -> pair<_T1, _T2>;
[2024-11-18 15:23:40][25092][C:\work\venom.slave\workspace\test.engine.build.release_master@2\cpp\cpptest\modules\cpptestcc\src\CmdlnTools.cc:84] [cpptestcc]                                               ^
[2024-11-18 15:23:40][25092][C:\work\venom.slave\workspace\test.engine.build.release_master@2\cpp\cpptest\modules\cpptestcc\src\CmdlnTools.cc:84] [cpptestcc] 
[2024-11-18 15:23:40][25092][C:\work\venom.slave\workspace\test.engine.build.release_master@2\cpp\cpptest\modules\cpptestcc\src\CmdlnTools.cc:84] [cpptestcc] "/usr/lib/gcc/x86_64-pc-cygwin/11/include/c++/bits/stl_pair.h", line 460:
[2024-11-18 15:23:40][25092][C:\work\venom.slave\workspace\test.engine.build.release_master@2\cpp\cpptest\modules\cpptestcc\src\CmdlnTools.cc:84] [cpptestcc]           error: expected a ";"
[2024-11-18 15:23:40][25092][C:\work\venom.slave\workspace\test.engine.build.release_master@2\cpp\cpptest\modules\cpptestcc\src\CmdlnTools.cc:84] [cpptestcc]     template<typename _T1, typename _T2> pair(_T1, _T2) -> pair<_T1, _T2>;
[2024-11-18 15:23:40][25092][C:\work\venom.slave\workspace\test.engine.build.release_master@2\cpp\cpptest\modules\cpptestcc\src\CmdlnTools.cc:84] [cpptestcc]                                                         ^
[2024-11-18 15:23:40][25092][C:\work\venom.slave\workspace\test.engine.build.release_master@2\cpp\cpptest\modules\cpptestcc\src\CmdlnTools.cc:84] [cpptestcc] 
[2024-11-18 15:23:40][25092][C:\work\venom.slave\workspace\test.engine.build.release_master@2\cpp\cpptest\modules\cpptestcc\src\CmdlnTools.cc:84] [cpptestcc] "/usr/lib/gcc/x86_64-pc-cygwin/11/include/c++/bits/char_traits.h", line 314:
[2024-11-18 15:23:40][25092][C:\work\venom.slave\workspace\test.engine.build.release_master@2\cpp\cpptest\modules\cpptestcc\src\CmdlnTools.cc:84] [cpptestcc]           error: identifier "__builtin_is_constant_evaluated" is undefined
[2024-11-18 15:23:40][25092][C:\work\venom.slave\workspace\test.engine.build.release_master@2\cpp\cpptest\modules\cpptestcc\src\CmdlnTools.cc:84] [cpptestcc]         return __builtin_is_constant_evaluated();
[2024-11-18 15:23:40][25092][C:\work\venom.slave\workspace\test.engine.build.release_master@2\cpp\cpptest\modules\cpptestcc\src\CmdlnTools.cc:84] [cpptestcc]                ^
[2024-11-18 15:23:40][25092][C:\work\venom.slave\workspace\test.engine.build.release_master@2\cpp\cpptest\modules\cpptestcc\src\CmdlnTools.cc:84] [cpptestcc] 
[2024-11-18 15:23:40][25092][C:\work\venom.slave\workspace\test.engine.build.release_master@2\cpp\cpptest\modules\cpptestcc\src\CmdlnTools.cc:84] [cpptestcc] "/usr/lib/gcc/x86_64-pc-cygwin/11/include/c++/bits/char_traits.h", line 290:
[2024-11-18 15:23:40][25092][C:\work\venom.slave\workspace\test.engine.build.release_master@2\cpp\cpptest\modules\cpptestcc\src\CmdlnTools.cc:84] [cpptestcc]           error: identifier "__builtin_is_constant_evaluated" is undefined
[2024-11-18 15:23:40][25092][C:\work\venom.slave\workspace\test.engine.build.release_master@2\cpp\cpptest\modules\cpptestcc\src\CmdlnTools.cc:84] [cpptestcc]         return __builtin_is_constant_evaluated();
[2024-11-18 15:23:40][25092][C:\work\venom.slave\workspace\test.engine.build.release_master@2\cpp\cpptest\modules\cpptestcc\src\CmdlnTools.cc:84] [cpptestcc]                ^
[2024-11-18 15:23:40][25092][C:\work\venom.slave\workspace\test.engine.build.release_master@2\cpp\cpptest\modules\cpptestcc\src\CmdlnTools.cc:84] [cpptestcc] 
[2024-11-18 15:23:40][25092][C:\work\venom.slave\workspace\test.engine.build.release_master@2\cpp\cpptest\modules\cpptestcc\src\CmdlnTools.cc:84] [cpptestcc] "/usr/lib/gcc/x86_64-pc-cygwin/11/include/c++/bits/basic_string.h", line 6064:
[2024-11-18 15:23:40][25092][C:\work\venom.slave\workspace\test.engine.build.release_master@2\cpp\cpptest\modules\cpptestcc\src\CmdlnTools.cc:84] [cpptestcc]           error: argument list for class template "std::basic_string" is
[2024-11-18 15:23:40][25092][C:\work\venom.slave\workspace\test.engine.build.release_master@2\cpp\cpptest\modules\cpptestcc\src\CmdlnTools.cc:84] [cpptestcc]           missing
[2024-11-18 15:23:40][25092][C:\work\venom.slave\workspace\test.engine.build.release_master@2\cpp\cpptest\modules\cpptestcc\src\CmdlnTools.cc:84] [cpptestcc]       basic_string(_InputIterator, _InputIterator, _Allocator = _Allocator())
[2024-11-18 15:23:40][25092][C:\work\venom.slave\workspace\test.engine.build.release_master@2\cpp\cpptest\modules\cpptestcc\src\CmdlnTools.cc:84] [cpptestcc]       ^
[2024-11-18 15:23:40][25092][C:\work\venom.slave\workspace\test.engine.build.release_master@2\cpp\cpptest\modules\cpptestcc\src\CmdlnTools.cc:84] [cpptestcc] 
[2024-11-18 15:23:40][25092][C:\work\venom.slave\workspace\test.engine.build.release_master@2\cpp\cpptest\modules\cpptestcc\src\CmdlnTools.cc:84] [cpptestcc] "/usr/lib/gcc/x86_64-pc-cygwin/11/include/c++/bits/basic_string.h", line 6064:
[2024-11-18 15:23:40][25092][C:\work\venom.slave\workspace\test.engine.build.release_master@2\cpp\cpptest\modules\cpptestcc\src\CmdlnTools.cc:84] [cpptestcc]           error: expected a ")"
[2024-11-18 15:23:40][25092][C:\work\venom.slave\workspace\test.engine.build.release_master@2\cpp\cpptest\modules\cpptestcc\src\CmdlnTools.cc:84] [cpptestcc]       basic_string(_InputIterator, _InputIterator, _Allocator = _Allocator())
[2024-11-18 15:23:40][25092][C:\work\venom.slave\workspace\test.engine.build.release_master@2\cpp\cpptest\modules\cpptestcc\src\CmdlnTools.cc:84] [cpptestcc]                                  ^
[2024-11-18 15:23:40][25092][C:\work\venom.slave\workspace\test.engine.build.release_master@2\cpp\cpptest\modules\cpptestcc\src\CmdlnTools.cc:84] [cpptestcc] 
[2024-11-18 15:23:40][25092][C:\work\venom.slave\workspace\test.engine.build.release_master@2\cpp\cpptest\modules\cpptestcc\src\CmdlnTools.cc:84] [cpptestcc] "/usr/lib/gcc/x86_64-pc-cygwin/11/include/c++/bits/basic_string.h", line 6064:
[2024-11-18 15:23:40][25092][C:\work\venom.slave\workspace\test.engine.build.release_master@2\cpp\cpptest\modules\cpptestcc\src\CmdlnTools.cc:84] [cpptestcc]           error: template parameter "_InputIterator" may not be redeclared in
[2024-11-18 15:23:40][25092][C:\work\venom.slave\workspace\test.engine.build.release_master@2\cpp\cpptest\modules\cpptestcc\src\CmdlnTools.cc:84] [cpptestcc]           this scope
[2024-11-18 15:23:40][25092][C:\work\venom.slave\workspace\test.engine.build.release_master@2\cpp\cpptest\modules\cpptestcc\src\CmdlnTools.cc:84] [cpptestcc]       basic_string(_InputIterator, _InputIterator, _Allocator = _Allocator())
[2024-11-18 15:23:40][25092][C:\work\venom.slave\workspace\test.engine.build.release_master@2\cpp\cpptest\modules\cpptestcc\src\CmdlnTools.cc:84] [cpptestcc]                    ^
[2024-11-18 15:23:40][25092][C:\work\venom.slave\workspace\test.engine.build.release_master@2\cpp\cpptest\modules\cpptestcc\src\CmdlnTools.cc:84] [cpptestcc] 
[2024-11-18 15:23:40][25092][C:\work\venom.slave\workspace\test.engine.build.release_master@2\cpp\cpptest\modules\cpptestcc\src\CmdlnTools.cc:84] [cpptestcc] "/usr/lib/gcc/x86_64-pc-cygwin/11/include/c++/bits/basic_string.h", line 6065:
[2024-11-18 15:23:40][25092][C:\work\venom.slave\workspace\test.engine.build.release_master@2\cpp\cpptest\modules\cpptestcc\src\CmdlnTools.cc:84] [cpptestcc]           error: expected a ";"
[2024-11-18 15:23:40][25092][C:\work\venom.slave\workspace\test.engine.build.release_master@2\cpp\cpptest\modules\cpptestcc\src\CmdlnTools.cc:84] [cpptestcc]         -> basic_string<_CharT, char_traits<_CharT>, _Allocator>;
[2024-11-18 15:23:40][25092][C:\work\venom.slave\workspace\test.engine.build.release_master@2\cpp\cpptest\modules\cpptestcc\src\CmdlnTools.cc:84] [cpptestcc]         ^
[2024-11-18 15:23:40][25092][C:\work\venom.slave\workspace\test.engine.build.release_master@2\cpp\cpptest\modules\cpptestcc\src\CmdlnTools.cc:84] [cpptestcc] 
[2024-11-18 15:23:40][25092][C:\work\venom.slave\workspace\test.engine.build.release_master@2\cpp\cpptest\modules\cpptestcc\src\CmdlnTools.cc:84] [cpptestcc] "/usr/lib/gcc/x86_64-pc-cygwin/11/include/c++/bits/basic_string.h", line 6072:
[2024-11-18 15:23:40][25092][C:\work\venom.slave\workspace\test.engine.build.release_master@2\cpp\cpptest\modules\cpptestcc\src\CmdlnTools.cc:84] [cpptestcc]           error: argument list for class template "std::basic_string" is
[2024-11-18 15:23:40][25092][C:\work\venom.slave\workspace\test.engine.build.release_master@2\cpp\cpptest\modules\cpptestcc\src\CmdlnTools.cc:84] [cpptestcc]           missing
[2024-11-18 15:23:40][25092][C:\work\venom.slave\workspace\test.engine.build.release_master@2\cpp\cpptest\modules\cpptestcc\src\CmdlnTools.cc:84] [cpptestcc]       basic_string(basic_string_view<_CharT, _Traits>, const _Allocator& = _Allocator())
[2024-11-18 15:23:40][25092][C:\work\venom.slave\workspace\test.engine.build.release_master@2\cpp\cpptest\modules\cpptestcc\src\CmdlnTools.cc:84] [cpptestcc]       ^
[2024-11-18 15:23:40][25092][C:\work\venom.slave\workspace\test.engine.build.release_master@2\cpp\cpptest\modules\cpptestcc\src\CmdlnTools.cc:84] [cpptestcc] 
[2024-11-18 15:23:40][25092][C:\work\venom.slave\workspace\test.engine.build.release_master@2\cpp\cpptest\modules\cpptestcc\src\CmdlnTools.cc:84] [cpptestcc] "/usr/lib/gcc/x86_64-pc-cygwin/11/include/c++/bits/basic_string.h", line 6072:
[2024-11-18 15:23:40][25092][C:\work\venom.slave\workspace\test.engine.build.release_master@2\cpp\cpptest\modules\cpptestcc\src\CmdlnTools.cc:84] [cpptestcc]           error: expected a ")"
[2024-11-18 15:23:40][25092][C:\work\venom.slave\workspace\test.engine.build.release_master@2\cpp\cpptest\modules\cpptestcc\src\CmdlnTools.cc:84] [cpptestcc]       basic_string(basic_string_view<_CharT, _Traits>, const _Allocator& = _Allocator())
[2024-11-18 15:23:40][25092][C:\work\venom.slave\workspace\test.engine.build.release_master@2\cpp\cpptest\modules\cpptestcc\src\CmdlnTools.cc:84] [cpptestcc]                                                      ^
[2024-11-18 15:23:40][25092][C:\work\venom.slave\workspace\test.engine.build.release_master@2\cpp\cpptest\modules\cpptestcc\src\CmdlnTools.cc:84] [cpptestcc] 
[2024-11-18 15:23:40][25092][C:\work\venom.slave\workspace\test.engine.build.release_master@2\cpp\cpptest\modules\cpptestcc\src\CmdlnTools.cc:84] [cpptestcc] "/usr/lib/gcc/x86_64-pc-cygwin/11/include/c++/bits/basic_string.h", line 6072:
[2024-11-18 15:23:40][25092][C:\work\venom.slave\workspace\test.engine.build.release_master@2\cpp\cpptest\modules\cpptestcc\src\CmdlnTools.cc:84] [cpptestcc]           error: "basic_string_view" is not a function or static data member
[2024-11-18 15:23:40][25092][C:\work\venom.slave\workspace\test.engine.build.release_master@2\cpp\cpptest\modules\cpptestcc\src\CmdlnTools.cc:84] [cpptestcc]       basic_string(basic_string_view<_CharT, _Traits>, const _Allocator& = _Allocator())
[2024-11-18 15:23:40][25092][C:\work\venom.slave\workspace\test.engine.build.release_master@2\cpp\cpptest\modules\cpptestcc\src\CmdlnTools.cc:84] [cpptestcc]                    ^
[2024-11-18 15:23:40][25092][C:\work\venom.slave\workspace\test.engine.build.release_master@2\cpp\cpptest\modules\cpptestcc\src\CmdlnTools.cc:84] [cpptestcc] 
[2024-11-18 15:23:40][25092][C:\work\venom.slave\workspace\test.engine.build.release_master@2\cpp\cpptest\modules\cpptestcc\src\CmdlnTools.cc:84] [cpptestcc] "/usr/lib/gcc/x86_64-pc-cygwin/11/include/c++/bits/basic_string.h", line 6078:
[2024-11-18 15:23:40][25092][C:\work\venom.slave\workspace\test.engine.build.release_master@2\cpp\cpptest\modules\cpptestcc\src\CmdlnTools.cc:84] [cpptestcc]           error: argument list for class template "std::basic_string" is
[2024-11-18 15:23:40][25092][C:\work\venom.slave\workspace\test.engine.build.release_master@2\cpp\cpptest\modules\cpptestcc\src\CmdlnTools.cc:84] [cpptestcc]           missing
[2024-11-18 15:23:40][25092][C:\work\venom.slave\workspace\test.engine.build.release_master@2\cpp\cpptest\modules\cpptestcc\src\CmdlnTools.cc:84] [cpptestcc]       basic_string(basic_string_view<_CharT, _Traits>,
[2024-11-18 15:23:40][25092][C:\work\venom.slave\workspace\test.engine.build.release_master@2\cpp\cpptest\modules\cpptestcc\src\CmdlnTools.cc:84] [cpptestcc]       ^
[2024-11-18 15:23:40][25092][C:\work\venom.slave\workspace\test.engine.build.release_master@2\cpp\cpptest\modules\cpptestcc\src\CmdlnTools.cc:84] [cpptestcc] 
[2024-11-18 15:23:40][25092][C:\work\venom.slave\workspace\test.engine.build.release_master@2\cpp\cpptest\modules\cpptestcc\src\CmdlnTools.cc:84] [cpptestcc] "/usr/lib/gcc/x86_64-pc-cygwin/11/include/c++/bits/basic_string.h", line 6078:
[2024-11-18 15:23:40][25092][C:\work\venom.slave\workspace\test.engine.build.release_master@2\cpp\cpptest\modules\cpptestcc\src\CmdlnTools.cc:84] [cpptestcc]           error: expected a ")"
[2024-11-18 15:23:40][25092][C:\work\venom.slave\workspace\test.engine.build.release_master@2\cpp\cpptest\modules\cpptestcc\src\CmdlnTools.cc:84] [cpptestcc]       basic_string(basic_string_view<_CharT, _Traits>,
[2024-11-18 15:23:40][25092][C:\work\venom.slave\workspace\test.engine.build.release_master@2\cpp\cpptest\modules\cpptestcc\src\CmdlnTools.cc:84] [cpptestcc]                                                      ^
[2024-11-18 15:23:40][25092][C:\work\venom.slave\workspace\test.engine.build.release_master@2\cpp\cpptest\modules\cpptestcc\src\CmdlnTools.cc:84] [cpptestcc] 
[2024-11-18 15:23:40][25092][C:\work\venom.slave\workspace\test.engine.build.release_master@2\cpp\cpptest\modules\cpptestcc\src\CmdlnTools.cc:84] [cpptestcc] "/usr/lib/gcc/x86_64-pc-cygwin/11/include/c++/bits/basic_string.h", line 6078:
[2024-11-18 15:23:40][25092][C:\work\venom.slave\workspace\test.engine.build.release_master@2\cpp\cpptest\modules\cpptestcc\src\CmdlnTools.cc:84] [cpptestcc]           error: "basic_string_view" is not a function or static data member
[2024-11-18 15:23:40][25092][C:\work\venom.slave\workspace\test.engine.build.release_master@2\cpp\cpptest\modules\cpptestcc\src\CmdlnTools.cc:84] [cpptestcc]       basic_string(basic_string_view<_CharT, _Traits>,
[2024-11-18 15:23:40][25092][C:\work\venom.slave\workspace\test.engine.build.release_master@2\cpp\cpptest\modules\cpptestcc\src\CmdlnTools.cc:84] [cpptestcc]                    ^
[2024-11-18 15:23:40][25092][C:\work\venom.slave\workspace\test.engine.build.release_master@2\cpp\cpptest\modules\cpptestcc\src\CmdlnTools.cc:84] [cpptestcc] 
[2024-11-18 15:23:40][25092][C:\work\venom.slave\workspace\test.engine.build.release_master@2\cpp\cpptest\modules\cpptestcc\src\CmdlnTools.cc:84] [cpptestcc] "/usr/lib/gcc/x86_64-pc-cygwin/11/include/c++/bits/basic_string.h", line 4112:
[2024-11-18 15:23:40][25092][C:\work\venom.slave\workspace\test.engine.build.release_master@2\cpp\cpptest\modules\cpptestcc\src\CmdlnTools.cc:84] [cpptestcc]           error: identifier "__builtin_is_constant_evaluated" is undefined
[2024-11-18 15:23:40][25092][C:\work\venom.slave\workspace\test.engine.build.release_master@2\cpp\cpptest\modules\cpptestcc\src\CmdlnTools.cc:84] [cpptestcc]    do { if (__builtin_is_constant_evaluated() && !bool(__pos <= size())) __builtin_unreachable(); } while (false);
[2024-11-18 15:23:40][25092][C:\work\venom.slave\workspace\test.engine.build.release_master@2\cpp\cpptest\modules\cpptestcc\src\CmdlnTools.cc:84] [cpptestcc]             ^
[2024-11-18 15:23:40][25092][C:\work\venom.slave\workspace\test.engine.build.release_master@2\cpp\cpptest\modules\cpptestcc\src\CmdlnTools.cc:84] [cpptestcc] 
[2024-11-18 15:23:40][25092][C:\work\venom.slave\workspace\test.engine.build.release_master@2\cpp\cpptest\modules\cpptestcc\src\CmdlnTools.cc:84] [cpptestcc] "/usr/lib/gcc/x86_64-pc-cygwin/11/include/c++/ext/string_conversions.h", line
[2024-11-18 15:23:40][25092][C:\work\venom.slave\workspace\test.engine.build.release_master@2\cpp\cpptest\modules\cpptestcc\src\CmdlnTools.cc:84] [cpptestcc]           85: error: no instance of overloaded function "_Range_chk::_S_chk"
[2024-11-18 15:23:40][25092][C:\work\venom.slave\workspace\test.engine.build.release_master@2\cpp\cpptest\modules\cpptestcc\src\CmdlnTools.cc:84] [cpptestcc]           matches the argument list
[2024-11-18 15:23:40][25092][C:\work\venom.slave\workspace\test.engine.build.release_master@2\cpp\cpptest\modules\cpptestcc\src\CmdlnTools.cc:84] [cpptestcc]             argument types are: (const long, std::is_same<int, int>)
[2024-11-18 15:23:40][25092][C:\work\venom.slave\workspace\test.engine.build.release_master@2\cpp\cpptest\modules\cpptestcc\src\CmdlnTools.cc:84] [cpptestcc]      || _Range_chk::_S_chk(__tmp, std::is_same<_Ret, int>{}))
[2024-11-18 15:23:40][25092][C:\work\venom.slave\workspace\test.engine.build.release_master@2\cpp\cpptest\modules\cpptestcc\src\CmdlnTools.cc:84] [cpptestcc]         ^
[2024-11-18 15:23:40][25092][C:\work\venom.slave\workspace\test.engine.build.release_master@2\cpp\cpptest\modules\cpptestcc\src\CmdlnTools.cc:84] [cpptestcc] "/usr/lib/gcc/x86_64-pc-cygwin/11/include/c++/ext/string_conversions.h", line
[2024-11-18 15:23:40][25092][C:\work\venom.slave\workspace\test.engine.build.release_master@2\cpp\cpptest\modules\cpptestcc\src\CmdlnTools.cc:84] [cpptestcc]           73: note: function "_Range_chk::_S_chk(long, std::true_type)" does
[2024-11-18 15:23:40][25092][C:\work\venom.slave\workspace\test.engine.build.release_master@2\cpp\cpptest\modules\cpptestcc\src\CmdlnTools.cc:84] [cpptestcc]           not match because argument #2 does not match parameter
[2024-11-18 15:23:40][25092][C:\work\venom.slave\workspace\test.engine.build.release_master@2\cpp\cpptest\modules\cpptestcc\src\CmdlnTools.cc:84] [cpptestcc]      _S_chk(_TRet __val, std::true_type)
[2024-11-18 15:23:40][25092][C:\work\venom.slave\workspace\test.engine.build.release_master@2\cpp\cpptest\modules\cpptestcc\src\CmdlnTools.cc:84] [cpptestcc]      ^
[2024-11-18 15:23:40][25092][C:\work\venom.slave\workspace\test.engine.build.release_master@2\cpp\cpptest\modules\cpptestcc\src\CmdlnTools.cc:84] [cpptestcc] "/usr/lib/gcc/x86_64-pc-cygwin/11/include/c++/ext/string_conversions.h", line
[2024-11-18 15:23:40][25092][C:\work\venom.slave\workspace\test.engine.build.release_master@2\cpp\cpptest\modules\cpptestcc\src\CmdlnTools.cc:84] [cpptestcc]           70: note: function "_Range_chk::_S_chk(long, std::false_type)" does
[2024-11-18 15:23:40][25092][C:\work\venom.slave\workspace\test.engine.build.release_master@2\cpp\cpptest\modules\cpptestcc\src\CmdlnTools.cc:84] [cpptestcc]           not match because argument #2 does not match parameter
[2024-11-18 15:23:40][25092][C:\work\venom.slave\workspace\test.engine.build.release_master@2\cpp\cpptest\modules\cpptestcc\src\CmdlnTools.cc:84] [cpptestcc]      _S_chk(_TRet, std::false_type) { return false; }
[2024-11-18 15:23:40][25092][C:\work\venom.slave\workspace\test.engine.build.release_master@2\cpp\cpptest\modules\cpptestcc\src\CmdlnTools.cc:84] [cpptestcc]      ^
[2024-11-18 15:23:40][25092][C:\work\venom.slave\workspace\test.engine.build.release_master@2\cpp\cpptest\modules\cpptestcc\src\CmdlnTools.cc:84] [cpptestcc]           detected during instantiation of "_Ret __gnu_cxx::__stoa(_TRet
[2024-11-18 15:23:40][25092][C:\work\venom.slave\workspace\test.engine.build.release_master@2\cpp\cpptest\modules\cpptestcc\src\CmdlnTools.cc:84] [cpptestcc]                     (*)(const _CharT *, _CharT **, _Base...), const char *,
[2024-11-18 15:23:40][25092][C:\work\venom.slave\workspace\test.engine.build.release_master@2\cpp\cpptest\modules\cpptestcc\src\CmdlnTools.cc:84] [cpptestcc]                     const _CharT *, std::size_t *, _Base...) [with _TRet=long,
[2024-11-18 15:23:40][25092][C:\work\venom.slave\workspace\test.engine.build.release_master@2\cpp\cpptest\modules\cpptestcc\src\CmdlnTools.cc:84] [cpptestcc]                     _Ret=int, _CharT=char, _Base=<int>]" at line 6620 of
[2024-11-18 15:23:40][25092][C:\work\venom.slave\workspace\test.engine.build.release_master@2\cpp\cpptest\modules\cpptestcc\src\CmdlnTools.cc:84] [cpptestcc]                     "/usr/lib/gcc/x86_64-pc-cygwin/11/include/c++/bits/basic_st
[2024-11-18 15:23:40][25092][C:\work\venom.slave\workspace\test.engine.build.release_master@2\cpp\cpptest\modules\cpptestcc\src\CmdlnTools.cc:84] [cpptestcc]                     ring.h"
[2024-11-18 15:23:40][25092][C:\work\venom.slave\workspace\test.engine.build.release_master@2\cpp\cpptest\modules\cpptestcc\src\CmdlnTools.cc:84] [cpptestcc] 
[2024-11-18 15:23:40][25092][C:\work\venom.slave\workspace\test.engine.build.release_master@2\cpp\cpptest\modules\cpptestcc\src\CmdlnTools.cc:84] [cpptestcc] "/usr/lib/gcc/x86_64-pc-cygwin/11/include/c++/ext/string_conversions.h", line
[2024-11-18 15:23:40][25092][C:\work\venom.slave\workspace\test.engine.build.release_master@2\cpp\cpptest\modules\cpptestcc\src\CmdlnTools.cc:84] [cpptestcc]           85: error: no instance of overloaded function "_Range_chk::_S_chk"
[2024-11-18 15:23:40][25092][C:\work\venom.slave\workspace\test.engine.build.release_master@2\cpp\cpptest\modules\cpptestcc\src\CmdlnTools.cc:84] [cpptestcc]           matches the argument list
[2024-11-18 15:23:40][25092][C:\work\venom.slave\workspace\test.engine.build.release_master@2\cpp\cpptest\modules\cpptestcc\src\CmdlnTools.cc:84] [cpptestcc]             argument types are: (const long, std::is_same<long, int>)
[2024-11-18 15:23:40][25092][C:\work\venom.slave\workspace\test.engine.build.release_master@2\cpp\cpptest\modules\cpptestcc\src\CmdlnTools.cc:84] [cpptestcc]      || _Range_chk::_S_chk(__tmp, std::is_same<_Ret, int>{}))
[2024-11-18 15:23:40][25092][C:\work\venom.slave\workspace\test.engine.build.release_master@2\cpp\cpptest\modules\cpptestcc\src\CmdlnTools.cc:84] [cpptestcc]         ^
[2024-11-18 15:23:40][25092][C:\work\venom.slave\workspace\test.engine.build.release_master@2\cpp\cpptest\modules\cpptestcc\src\CmdlnTools.cc:84] [cpptestcc] "/usr/lib/gcc/x86_64-pc-cygwin/11/include/c++/ext/string_conversions.h", line
[2024-11-18 15:23:40][25092][C:\work\venom.slave\workspace\test.engine.build.release_master@2\cpp\cpptest\modules\cpptestcc\src\CmdlnTools.cc:84] [cpptestcc]           73: note: function "_Range_chk::_S_chk(long, std::true_type)" does
[2024-11-18 15:23:40][25092][C:\work\venom.slave\workspace\test.engine.build.release_master@2\cpp\cpptest\modules\cpptestcc\src\CmdlnTools.cc:84] [cpptestcc]           not match because argument #2 does not match parameter
[2024-11-18 15:23:40][25092][C:\work\venom.slave\workspace\test.engine.build.release_master@2\cpp\cpptest\modules\cpptestcc\src\CmdlnTools.cc:84] [cpptestcc]      _S_chk(_TRet __val, std::true_type)
[2024-11-18 15:23:40][25092][C:\work\venom.slave\workspace\test.engine.build.release_master@2\cpp\cpptest\modules\cpptestcc\src\CmdlnTools.cc:84] [cpptestcc]      ^
[2024-11-18 15:23:40][25092][C:\work\venom.slave\workspace\test.engine.build.release_master@2\cpp\cpptest\modules\cpptestcc\src\CmdlnTools.cc:84] [cpptestcc] "/usr/lib/gcc/x86_64-pc-cygwin/11/include/c++/ext/string_conversions.h", line
[2024-11-18 15:23:40][25092][C:\work\venom.slave\workspace\test.engine.build.release_master@2\cpp\cpptest\modules\cpptestcc\src\CmdlnTools.cc:84] [cpptestcc]           70: note: function "_Range_chk::_S_chk(long, std::false_type)" does
[2024-11-18 15:23:40][25092][C:\work\venom.slave\workspace\test.engine.build.release_master@2\cpp\cpptest\modules\cpptestcc\src\CmdlnTools.cc:84] [cpptestcc]           not match because argument #2 does not match parameter
[2024-11-18 15:23:40][25092][C:\work\venom.slave\workspace\test.engine.build.release_master@2\cpp\cpptest\modules\cpptestcc\src\CmdlnTools.cc:84] [cpptestcc]      _S_chk(_TRet, std::false_type) { return false; }
[2024-11-18 15:23:40][25092][C:\work\venom.slave\workspace\test.engine.build.release_master@2\cpp\cpptest\modules\cpptestcc\src\CmdlnTools.cc:84] [cpptestcc]      ^
[2024-11-18 15:23:40][25092][C:\work\venom.slave\workspace\test.engine.build.release_master@2\cpp\cpptest\modules\cpptestcc\src\CmdlnTools.cc:84] [cpptestcc]           detected during instantiation of "_Ret __gnu_cxx::__stoa(_TRet
[2024-11-18 15:23:40][25092][C:\work\venom.slave\workspace\test.engine.build.release_master@2\cpp\cpptest\modules\cpptestcc\src\CmdlnTools.cc:84] [cpptestcc]                     (*)(const _CharT *, _CharT **, _Base...), const char *,
[2024-11-18 15:23:40][25092][C:\work\venom.slave\workspace\test.engine.build.release_master@2\cpp\cpptest\modules\cpptestcc\src\CmdlnTools.cc:84] [cpptestcc]                     const _CharT *, std::size_t *, _Base...) [with _TRet=long,
[2024-11-18 15:23:40][25092][C:\work\venom.slave\workspace\test.engine.build.release_master@2\cpp\cpptest\modules\cpptestcc\src\CmdlnTools.cc:84] [cpptestcc]                     _Ret=long, _CharT=char, _Base=<int>]" at line 6625 of
[2024-11-18 15:23:40][25092][C:\work\venom.slave\workspace\test.engine.build.release_master@2\cpp\cpptest\modules\cpptestcc\src\CmdlnTools.cc:84] [cpptestcc]                     "/usr/lib/gcc/x86_64-pc-cygwin/11/include/c++/bits/basic_st
[2024-11-18 15:23:40][25092][C:\work\venom.slave\workspace\test.engine.build.release_master@2\cpp\cpptest\modules\cpptestcc\src\CmdlnTools.cc:84] [cpptestcc]                     ring.h"
[2024-11-18 15:23:40][25092][C:\work\venom.slave\workspace\test.engine.build.release_master@2\cpp\cpptest\modules\cpptestcc\src\CmdlnTools.cc:84] [cpptestcc] 
[2024-11-18 15:23:40][25092][C:\work\venom.slave\workspace\test.engine.build.release_master@2\cpp\cpptest\modules\cpptestcc\src\CmdlnTools.cc:84] [cpptestcc] "/usr/lib/gcc/x86_64-pc-cygwin/11/include/c++/ext/string_conversions.h", line
[2024-11-18 15:23:40][25092][C:\work\venom.slave\workspace\test.engine.build.release_master@2\cpp\cpptest\modules\cpptestcc\src\CmdlnTools.cc:84] [cpptestcc]           85: error: no instance of overloaded function "_Range_chk::_S_chk"
[2024-11-18 15:23:40][25092][C:\work\venom.slave\workspace\test.engine.build.release_master@2\cpp\cpptest\modules\cpptestcc\src\CmdlnTools.cc:84] [cpptestcc]           matches the argument list
[2024-11-18 15:23:40][25092][C:\work\venom.slave\workspace\test.engine.build.release_master@2\cpp\cpptest\modules\cpptestcc\src\CmdlnTools.cc:84] [cpptestcc]             argument types are: (const unsigned long, std::is_same<unsigned
[2024-11-18 15:23:40][25092][C:\work\venom.slave\workspace\test.engine.build.release_master@2\cpp\cpptest\modules\cpptestcc\src\CmdlnTools.cc:84] [cpptestcc]                       long, int>)
[2024-11-18 15:23:40][25092][C:\work\venom.slave\workspace\test.engine.build.release_master@2\cpp\cpptest\modules\cpptestcc\src\CmdlnTools.cc:84] [cpptestcc]      || _Range_chk::_S_chk(__tmp, std::is_same<_Ret, int>{}))
[2024-11-18 15:23:40][25092][C:\work\venom.slave\workspace\test.engine.build.release_master@2\cpp\cpptest\modules\cpptestcc\src\CmdlnTools.cc:84] [cpptestcc]         ^
[2024-11-18 15:23:40][25092][C:\work\venom.slave\workspace\test.engine.build.release_master@2\cpp\cpptest\modules\cpptestcc\src\CmdlnTools.cc:84] [cpptestcc] "/usr/lib/gcc/x86_64-pc-cygwin/11/include/c++/ext/string_conversions.h", line
[2024-11-18 15:23:40][25092][C:\work\venom.slave\workspace\test.engine.build.release_master@2\cpp\cpptest\modules\cpptestcc\src\CmdlnTools.cc:84] [cpptestcc]           73: note: function "_Range_chk::_S_chk(unsigned long,
[2024-11-18 15:23:40][25092][C:\work\venom.slave\workspace\test.engine.build.release_master@2\cpp\cpptest\modules\cpptestcc\src\CmdlnTools.cc:84] [cpptestcc]           std::true_type)" does not match because argument #2 does not match
[2024-11-18 15:23:40][25092][C:\work\venom.slave\workspace\test.engine.build.release_master@2\cpp\cpptest\modules\cpptestcc\src\CmdlnTools.cc:84] [cpptestcc]           parameter
[2024-11-18 15:23:40][25092][C:\work\venom.slave\workspace\test.engine.build.release_master@2\cpp\cpptest\modules\cpptestcc\src\CmdlnTools.cc:84] [cpptestcc]      _S_chk(_TRet __val, std::true_type)
[2024-11-18 15:23:40][25092][C:\work\venom.slave\workspace\test.engine.build.release_master@2\cpp\cpptest\modules\cpptestcc\src\CmdlnTools.cc:84] [cpptestcc]      ^
[2024-11-18 15:23:40][25092][C:\work\venom.slave\workspace\test.engine.build.release_master@2\cpp\cpptest\modules\cpptestcc\src\CmdlnTools.cc:84] [cpptestcc] "/usr/lib/gcc/x86_64-pc-cygwin/11/include/c++/ext/string_conversions.h", line
[2024-11-18 15:23:40][25092][C:\work\venom.slave\workspace\test.engine.build.release_master@2\cpp\cpptest\modules\cpptestcc\src\CmdlnTools.cc:84] [cpptestcc]           70: note: function "_Range_chk::_S_chk(unsigned long,
[2024-11-18 15:23:40][25092][C:\work\venom.slave\workspace\test.engine.build.release_master@2\cpp\cpptest\modules\cpptestcc\src\CmdlnTools.cc:84] [cpptestcc]           std::false_type)" does not match because argument #2 does not match
[2024-11-18 15:23:40][25092][C:\work\venom.slave\workspace\test.engine.build.release_master@2\cpp\cpptest\modules\cpptestcc\src\CmdlnTools.cc:84] [cpptestcc]           parameter
[2024-11-18 15:23:40][25092][C:\work\venom.slave\workspace\test.engine.build.release_master@2\cpp\cpptest\modules\cpptestcc\src\CmdlnTools.cc:84] [cpptestcc]      _S_chk(_TRet, std::false_type) { return false; }
[2024-11-18 15:23:40][25092][C:\work\venom.slave\workspace\test.engine.build.release_master@2\cpp\cpptest\modules\cpptestcc\src\CmdlnTools.cc:84] [cpptestcc]      ^
[2024-11-18 15:23:40][25092][C:\work\venom.slave\workspace\test.engine.build.release_master@2\cpp\cpptest\modules\cpptestcc\src\CmdlnTools.cc:84] [cpptestcc]           detected during instantiation of "_Ret __gnu_cxx::__stoa(_TRet
[2024-11-18 15:23:40][25092][C:\work\venom.slave\workspace\test.engine.build.release_master@2\cpp\cpptest\modules\cpptestcc\src\CmdlnTools.cc:84] [cpptestcc]                     (*)(const _CharT *, _CharT **, _Base...), const char *,
[2024-11-18 15:23:40][25092][C:\work\venom.slave\workspace\test.engine.build.release_master@2\cpp\cpptest\modules\cpptestcc\src\CmdlnTools.cc:84] [cpptestcc]                     const _CharT *, std::size_t *, _Base...) [with
[2024-11-18 15:23:40][25092][C:\work\venom.slave\workspace\test.engine.build.release_master@2\cpp\cpptest\modules\cpptestcc\src\CmdlnTools.cc:84] [cpptestcc]                     _TRet=unsigned long, _Ret=unsigned long, _CharT=char,
[2024-11-18 15:23:40][25092][C:\work\venom.slave\workspace\test.engine.build.release_master@2\cpp\cpptest\modules\cpptestcc\src\CmdlnTools.cc:84] [cpptestcc]                     _Base=<int>]" at line 6630 of
[2024-11-18 15:23:40][25092][C:\work\venom.slave\workspace\test.engine.build.release_master@2\cpp\cpptest\modules\cpptestcc\src\CmdlnTools.cc:84] [cpptestcc]                     "/usr/lib/gcc/x86_64-pc-cygwin/11/include/c++/bits/basic_st
[2024-11-18 15:23:40][25092][C:\work\venom.slave\workspace\test.engine.build.release_master@2\cpp\cpptest\modules\cpptestcc\src\CmdlnTools.cc:84] [cpptestcc]                     ring.h"
[2024-11-18 15:23:40][25092][C:\work\venom.slave\workspace\test.engine.build.release_master@2\cpp\cpptest\modules\cpptestcc\src\CmdlnTools.cc:84] [cpptestcc] 
[2024-11-18 15:23:40][25092][C:\work\venom.slave\workspace\test.engine.build.release_master@2\cpp\cpptest\modules\cpptestcc\src\CmdlnTools.cc:84] [cpptestcc] "/usr/lib/gcc/x86_64-pc-cygwin/11/include/c++/ext/string_conversions.h", line
[2024-11-18 15:23:40][25092][C:\work\venom.slave\workspace\test.engine.build.release_master@2\cpp\cpptest\modules\cpptestcc\src\CmdlnTools.cc:84] [cpptestcc]           85: error: no instance of overloaded function "_Range_chk::_S_chk"
[2024-11-18 15:23:40][25092][C:\work\venom.slave\workspace\test.engine.build.release_master@2\cpp\cpptest\modules\cpptestcc\src\CmdlnTools.cc:84] [cpptestcc]           matches the argument list
[2024-11-18 15:23:40][25092][C:\work\venom.slave\workspace\test.engine.build.release_master@2\cpp\cpptest\modules\cpptestcc\src\CmdlnTools.cc:84] [cpptestcc]             argument types are: (const long long, std::is_same<long long, int>)
[2024-11-18 15:23:40][25092][C:\work\venom.slave\workspace\test.engine.build.release_master@2\cpp\cpptest\modules\cpptestcc\src\CmdlnTools.cc:84] [cpptestcc]      || _Range_chk::_S_chk(__tmp, std::is_same<_Ret, int>{}))
[2024-11-18 15:23:40][25092][C:\work\venom.slave\workspace\test.engine.build.release_master@2\cpp\cpptest\modules\cpptestcc\src\CmdlnTools.cc:84] [cpptestcc]         ^
[2024-11-18 15:23:40][25092][C:\work\venom.slave\workspace\test.engine.build.release_master@2\cpp\cpptest\modules\cpptestcc\src\CmdlnTools.cc:84] [cpptestcc] "/usr/lib/gcc/x86_64-pc-cygwin/11/include/c++/ext/string_conversions.h", line
[2024-11-18 15:23:40][25092][C:\work\venom.slave\workspace\test.engine.build.release_master@2\cpp\cpptest\modules\cpptestcc\src\CmdlnTools.cc:84] [cpptestcc]           73: note: function "_Range_chk::_S_chk(long long, std::true_type)"
[2024-11-18 15:23:40][25092][C:\work\venom.slave\workspace\test.engine.build.release_master@2\cpp\cpptest\modules\cpptestcc\src\CmdlnTools.cc:84] [cpptestcc]           does not match because argument #2 does not match parameter
[2024-11-18 15:23:40][25092][C:\work\venom.slave\workspace\test.engine.build.release_master@2\cpp\cpptest\modules\cpptestcc\src\CmdlnTools.cc:84] [cpptestcc]      _S_chk(_TRet __val, std::true_type)
[2024-11-18 15:23:40][25092][C:\work\venom.slave\workspace\test.engine.build.release_master@2\cpp\cpptest\modules\cpptestcc\src\CmdlnTools.cc:84] [cpptestcc]      ^
[2024-11-18 15:23:40][25092][C:\work\venom.slave\workspace\test.engine.build.release_master@2\cpp\cpptest\modules\cpptestcc\src\CmdlnTools.cc:84] [cpptestcc] "/usr/lib/gcc/x86_64-pc-cygwin/11/include/c++/ext/string_conversions.h", line
[2024-11-18 15:23:40][25092][C:\work\venom.slave\workspace\test.engine.build.release_master@2\cpp\cpptest\modules\cpptestcc\src\CmdlnTools.cc:84] [cpptestcc]           70: note: function "_Range_chk::_S_chk(long long, std::false_type)"
[2024-11-18 15:23:40][25092][C:\work\venom.slave\workspace\test.engine.build.release_master@2\cpp\cpptest\modules\cpptestcc\src\CmdlnTools.cc:84] [cpptestcc]           does not match because argument #2 does not match parameter
[2024-11-18 15:23:40][25092][C:\work\venom.slave\workspace\test.engine.build.release_master@2\cpp\cpptest\modules\cpptestcc\src\CmdlnTools.cc:84] [cpptestcc]      _S_chk(_TRet, std::false_type) { return false; }
[2024-11-18 15:23:40][25092][C:\work\venom.slave\workspace\test.engine.build.release_master@2\cpp\cpptest\modules\cpptestcc\src\CmdlnTools.cc:84] [cpptestcc]      ^
[2024-11-18 15:23:40][25092][C:\work\venom.slave\workspace\test.engine.build.release_master@2\cpp\cpptest\modules\cpptestcc\src\CmdlnTools.cc:84] [cpptestcc]           detected during instantiation of "_Ret __gnu_cxx::__stoa(_TRet
[2024-11-18 15:23:40][25092][C:\work\venom.slave\workspace\test.engine.build.release_master@2\cpp\cpptest\modules\cpptestcc\src\CmdlnTools.cc:84] [cpptestcc]                     (*)(const _CharT *, _CharT **, _Base...), const char *,
[2024-11-18 15:23:40][25092][C:\work\venom.slave\workspace\test.engine.build.release_master@2\cpp\cpptest\modules\cpptestcc\src\CmdlnTools.cc:84] [cpptestcc]                     const _CharT *, std::size_t *, _Base...) [with _TRet=long
[2024-11-18 15:23:40][25092][C:\work\venom.slave\workspace\test.engine.build.release_master@2\cpp\cpptest\modules\cpptestcc\src\CmdlnTools.cc:84] [cpptestcc]                     long, _Ret=long long, _CharT=char, _Base=<int>]" at line
[2024-11-18 15:23:40][25092][C:\work\venom.slave\workspace\test.engine.build.release_master@2\cpp\cpptest\modules\cpptestcc\src\CmdlnTools.cc:84] [cpptestcc]                     6635 of
[2024-11-18 15:23:40][25092][C:\work\venom.slave\workspace\test.engine.build.release_master@2\cpp\cpptest\modules\cpptestcc\src\CmdlnTools.cc:84] [cpptestcc]                     "/usr/lib/gcc/x86_64-pc-cygwin/11/include/c++/bits/basic_st
[2024-11-18 15:23:40][25092][C:\work\venom.slave\workspace\test.engine.build.release_master@2\cpp\cpptest\modules\cpptestcc\src\CmdlnTools.cc:84] [cpptestcc]                     ring.h"
[2024-11-18 15:23:40][25092][C:\work\venom.slave\workspace\test.engine.build.release_master@2\cpp\cpptest\modules\cpptestcc\src\CmdlnTools.cc:84] [cpptestcc] 
[2024-11-18 15:23:40][25092][C:\work\venom.slave\workspace\test.engine.build.release_master@2\cpp\cpptest\modules\cpptestcc\src\CmdlnTools.cc:84] [cpptestcc] "/usr/lib/gcc/x86_64-pc-cygwin/11/include/c++/ext/string_conversions.h", line
[2024-11-18 15:23:40][25092][C:\work\venom.slave\workspace\test.engine.build.release_master@2\cpp\cpptest\modules\cpptestcc\src\CmdlnTools.cc:84] [cpptestcc]           85: error: no instance of overloaded function "_Range_chk::_S_chk"
[2024-11-18 15:23:40][25092][C:\work\venom.slave\workspace\test.engine.build.release_master@2\cpp\cpptest\modules\cpptestcc\src\CmdlnTools.cc:84] [cpptestcc]           matches the argument list
[2024-11-18 15:23:40][25092][C:\work\venom.slave\workspace\test.engine.build.release_master@2\cpp\cpptest\modules\cpptestcc\src\CmdlnTools.cc:84] [cpptestcc]             argument types are: (const unsigned long long,
[2024-11-18 15:23:40][25092][C:\work\venom.slave\workspace\test.engine.build.release_master@2\cpp\cpptest\modules\cpptestcc\src\CmdlnTools.cc:84] [cpptestcc]                       std::is_same<unsigned long long, int>)
[2024-11-18 15:23:40][25092][C:\work\venom.slave\workspace\test.engine.build.release_master@2\cpp\cpptest\modules\cpptestcc\src\CmdlnTools.cc:84] [cpptestcc]      || _Range_chk::_S_chk(__tmp, std::is_same<_Ret, int>{}))
[2024-11-18 15:23:40][25092][C:\work\venom.slave\workspace\test.engine.build.release_master@2\cpp\cpptest\modules\cpptestcc\src\CmdlnTools.cc:84] [cpptestcc]         ^
[2024-11-18 15:23:40][25092][C:\work\venom.slave\workspace\test.engine.build.release_master@2\cpp\cpptest\modules\cpptestcc\src\CmdlnTools.cc:84] [cpptestcc] "/usr/lib/gcc/x86_64-pc-cygwin/11/include/c++/ext/string_conversions.h", line
[2024-11-18 15:23:40][25092][C:\work\venom.slave\workspace\test.engine.build.release_master@2\cpp\cpptest\modules\cpptestcc\src\CmdlnTools.cc:84] [cpptestcc]           73: note: function "_Range_chk::_S_chk(unsigned long long,
[2024-11-18 15:23:40][25092][C:\work\venom.slave\workspace\test.engine.build.release_master@2\cpp\cpptest\modules\cpptestcc\src\CmdlnTools.cc:84] [cpptestcc]           std::true_type)" does not match because argument #2 does not match
[2024-11-18 15:23:40][25092][C:\work\venom.slave\workspace\test.engine.build.release_master@2\cpp\cpptest\modules\cpptestcc\src\CmdlnTools.cc:84] [cpptestcc]           parameter
[2024-11-18 15:23:40][25092][C:\work\venom.slave\workspace\test.engine.build.release_master@2\cpp\cpptest\modules\cpptestcc\src\CmdlnTools.cc:84] [cpptestcc]      _S_chk(_TRet __val, std::true_type)
[2024-11-18 15:23:40][25092][C:\work\venom.slave\workspace\test.engine.build.release_master@2\cpp\cpptest\modules\cpptestcc\src\CmdlnTools.cc:84] [cpptestcc]      ^
[2024-11-18 15:23:40][25092][C:\work\venom.slave\workspace\test.engine.build.release_master@2\cpp\cpptest\modules\cpptestcc\src\CmdlnTools.cc:84] [cpptestcc] "/usr/lib/gcc/x86_64-pc-cygwin/11/include/c++/ext/string_conversions.h", line
[2024-11-18 15:23:40][25092][C:\work\venom.slave\workspace\test.engine.build.release_master@2\cpp\cpptest\modules\cpptestcc\src\CmdlnTools.cc:84] [cpptestcc]           70: note: function "_Range_chk::_S_chk(unsigned long long,
[2024-11-18 15:23:40][25092][C:\work\venom.slave\workspace\test.engine.build.release_master@2\cpp\cpptest\modules\cpptestcc\src\CmdlnTools.cc:84] [cpptestcc]           std::false_type)" does not match because argument #2 does not match
[2024-11-18 15:23:40][25092][C:\work\venom.slave\workspace\test.engine.build.release_master@2\cpp\cpptest\modules\cpptestcc\src\CmdlnTools.cc:84] [cpptestcc]           parameter
[2024-11-18 15:23:40][25092][C:\work\venom.slave\workspace\test.engine.build.release_master@2\cpp\cpptest\modules\cpptestcc\src\CmdlnTools.cc:84] [cpptestcc]      _S_chk(_TRet, std::false_type) { return false; }
[2024-11-18 15:23:40][25092][C:\work\venom.slave\workspace\test.engine.build.release_master@2\cpp\cpptest\modules\cpptestcc\src\CmdlnTools.cc:84] [cpptestcc]      ^
[2024-11-18 15:23:40][25092][C:\work\venom.slave\workspace\test.engine.build.release_master@2\cpp\cpptest\modules\cpptestcc\src\CmdlnTools.cc:84] [cpptestcc]           detected during instantiation of "_Ret __gnu_cxx::__stoa(_TRet
[2024-11-18 15:23:40][25092][C:\work\venom.slave\workspace\test.engine.build.release_master@2\cpp\cpptest\modules\cpptestcc\src\CmdlnTools.cc:84] [cpptestcc]                     (*)(const _CharT *, _CharT **, _Base...), const char *,
[2024-11-18 15:23:40][25092][C:\work\venom.slave\workspace\test.engine.build.release_master@2\cpp\cpptest\modules\cpptestcc\src\CmdlnTools.cc:84] [cpptestcc]                     const _CharT *, std::size_t *, _Base...) [with
[2024-11-18 15:23:40][25092][C:\work\venom.slave\workspace\test.engine.build.release_master@2\cpp\cpptest\modules\cpptestcc\src\CmdlnTools.cc:84] [cpptestcc]                     _TRet=unsigned long long, _Ret=unsigned long long,
[2024-11-18 15:23:40][25092][C:\work\venom.slave\workspace\test.engine.build.release_master@2\cpp\cpptest\modules\cpptestcc\src\CmdlnTools.cc:84] [cpptestcc]                     _CharT=char, _Base=<int>]" at line 6640 of
[2024-11-18 15:23:40][25092][C:\work\venom.slave\workspace\test.engine.build.release_master@2\cpp\cpptest\modules\cpptestcc\src\CmdlnTools.cc:84] [cpptestcc]                     "/usr/lib/gcc/x86_64-pc-cygwin/11/include/c++/bits/basic_st
[2024-11-18 15:23:40][25092][C:\work\venom.slave\workspace\test.engine.build.release_master@2\cpp\cpptest\modules\cpptestcc\src\CmdlnTools.cc:84] [cpptestcc]                     ring.h"
[2024-11-18 15:23:40][25092][C:\work\venom.slave\workspace\test.engine.build.release_master@2\cpp\cpptest\modules\cpptestcc\src\CmdlnTools.cc:84] [cpptestcc] 
[2024-11-18 15:23:41][25092][C:\work\venom.slave\workspace\test.engine.build.release_master@2\cpp\cpptest\modules\cpptestcc\src\CmdlnTools.cc:84] [cpptestcc] "/usr/lib/gcc/x86_64-pc-cygwin/11/include/c++/ext/string_conversions.h", line
[2024-11-18 15:23:41][25092][C:\work\venom.slave\workspace\test.engine.build.release_master@2\cpp\cpptest\modules\cpptestcc\src\CmdlnTools.cc:84] [cpptestcc]           85: error: no instance of overloaded function "_Range_chk::_S_chk"
[2024-11-18 15:23:41][25092][C:\work\venom.slave\workspace\test.engine.build.release_master@2\cpp\cpptest\modules\cpptestcc\src\CmdlnTools.cc:84] [cpptestcc]           matches the argument list
[2024-11-18 15:23:41][25092][C:\work\venom.slave\workspace\test.engine.build.release_master@2\cpp\cpptest\modules\cpptestcc\src\CmdlnTools.cc:84] [cpptestcc]             argument types are: (const float, std::is_same<float, int>)
[2024-11-18 15:23:41][25092][C:\work\venom.slave\workspace\test.engine.build.release_master@2\cpp\cpptest\modules\cpptestcc\src\CmdlnTools.cc:84] [cpptestcc]      || _Range_chk::_S_chk(__tmp, std::is_same<_Ret, int>{}))
[2024-11-18 15:23:41][25092][C:\work\venom.slave\workspace\test.engine.build.release_master@2\cpp\cpptest\modules\cpptestcc\src\CmdlnTools.cc:84] [cpptestcc]         ^
[2024-11-18 15:23:41][25092][C:\work\venom.slave\workspace\test.engine.build.release_master@2\cpp\cpptest\modules\cpptestcc\src\CmdlnTools.cc:84] [cpptestcc] "/usr/lib/gcc/x86_64-pc-cygwin/11/include/c++/ext/string_conversions.h", line
[2024-11-18 15:23:41][25092][C:\work\venom.slave\workspace\test.engine.build.release_master@2\cpp\cpptest\modules\cpptestcc\src\CmdlnTools.cc:84] [cpptestcc]           73: note: function "_Range_chk::_S_chk(float, std::true_type)" does
[2024-11-18 15:23:41][25092][C:\work\venom.slave\workspace\test.engine.build.release_master@2\cpp\cpptest\modules\cpptestcc\src\CmdlnTools.cc:84] [cpptestcc]           not match because argument #2 does not match parameter
[2024-11-18 15:23:41][25092][C:\work\venom.slave\workspace\test.engine.build.release_master@2\cpp\cpptest\modules\cpptestcc\src\CmdlnTools.cc:84] [cpptestcc]      _S_chk(_TRet __val, std::true_type)
[2024-11-18 15:23:41][25092][C:\work\venom.slave\workspace\test.engine.build.release_master@2\cpp\cpptest\modules\cpptestcc\src\CmdlnTools.cc:84] [cpptestcc]      ^
[2024-11-18 15:23:41][25092][C:\work\venom.slave\workspace\test.engine.build.release_master@2\cpp\cpptest\modules\cpptestcc\src\CmdlnTools.cc:84] [cpptestcc] "/usr/lib/gcc/x86_64-pc-cygwin/11/include/c++/ext/string_conversions.h", line
[2024-11-18 15:23:41][25092][C:\work\venom.slave\workspace\test.engine.build.release_master@2\cpp\cpptest\modules\cpptestcc\src\CmdlnTools.cc:84] [cpptestcc]           70: note: function "_Range_chk::_S_chk(float, std::false_type)" does
[2024-11-18 15:23:41][25092][C:\work\venom.slave\workspace\test.engine.build.release_master@2\cpp\cpptest\modules\cpptestcc\src\CmdlnTools.cc:84] [cpptestcc]           not match because argument #2 does not match parameter
[2024-11-18 15:23:41][25092][C:\work\venom.slave\workspace\test.engine.build.release_master@2\cpp\cpptest\modules\cpptestcc\src\CmdlnTools.cc:84] [cpptestcc]      _S_chk(_TRet, std::false_type) { return false; }
[2024-11-18 15:23:41][25092][C:\work\venom.slave\workspace\test.engine.build.release_master@2\cpp\cpptest\modules\cpptestcc\src\CmdlnTools.cc:84] [cpptestcc]      ^
[2024-11-18 15:23:41][25092][C:\work\venom.slave\workspace\test.engine.build.release_master@2\cpp\cpptest\modules\cpptestcc\src\CmdlnTools.cc:84] [cpptestcc]           detected during instantiation of "_Ret __gnu_cxx::__stoa(_TRet
[2024-11-18 15:23:41][25092][C:\work\venom.slave\workspace\test.engine.build.release_master@2\cpp\cpptest\modules\cpptestcc\src\CmdlnTools.cc:84] [cpptestcc]                     (*)(const _CharT *, _CharT **, _Base...), const char *,
[2024-11-18 15:23:41][25092][C:\work\venom.slave\workspace\test.engine.build.release_master@2\cpp\cpptest\modules\cpptestcc\src\CmdlnTools.cc:84] [cpptestcc]                     const _CharT *, std::size_t *, _Base...) [with _TRet=float,
[2024-11-18 15:23:41][25092][C:\work\venom.slave\workspace\test.engine.build.release_master@2\cpp\cpptest\modules\cpptestcc\src\CmdlnTools.cc:84] [cpptestcc]                     _Ret=float, _CharT=char, _Base=<>]" at line 6646 of
[2024-11-18 15:23:41][25092][C:\work\venom.slave\workspace\test.engine.build.release_master@2\cpp\cpptest\modules\cpptestcc\src\CmdlnTools.cc:84] [cpptestcc]                     "/usr/lib/gcc/x86_64-pc-cygwin/11/include/c++/bits/basic_st
[2024-11-18 15:23:41][25092][C:\work\venom.slave\workspace\test.engine.build.release_master@2\cpp\cpptest\modules\cpptestcc\src\CmdlnTools.cc:84] [cpptestcc]                     ring.h"
[2024-11-18 15:23:41][25092][C:\work\venom.slave\workspace\test.engine.build.release_master@2\cpp\cpptest\modules\cpptestcc\src\CmdlnTools.cc:84] [cpptestcc] 
[2024-11-18 15:23:41][25092][C:\work\venom.slave\workspace\test.engine.build.release_master@2\cpp\cpptest\modules\cpptestcc\src\CmdlnTools.cc:84] [cpptestcc] "/usr/lib/gcc/x86_64-pc-cygwin/11/include/c++/ext/string_conversions.h", line
[2024-11-18 15:23:41][25092][C:\work\venom.slave\workspace\test.engine.build.release_master@2\cpp\cpptest\modules\cpptestcc\src\CmdlnTools.cc:84] [cpptestcc]           85: error: no instance of overloaded function "_Range_chk::_S_chk"
[2024-11-18 15:23:41][25092][C:\work\venom.slave\workspace\test.engine.build.release_master@2\cpp\cpptest\modules\cpptestcc\src\CmdlnTools.cc:84] [cpptestcc]           matches the argument list
[2024-11-18 15:23:41][25092][C:\work\venom.slave\workspace\test.engine.build.release_master@2\cpp\cpptest\modules\cpptestcc\src\CmdlnTools.cc:84] [cpptestcc]             argument types are: (const double, std::is_same<double, int>)
[2024-11-18 15:23:41][25092][C:\work\venom.slave\workspace\test.engine.build.release_master@2\cpp\cpptest\modules\cpptestcc\src\CmdlnTools.cc:84] [cpptestcc]      || _Range_chk::_S_chk(__tmp, std::is_same<_Ret, int>{}))
[2024-11-18 15:23:41][25092][C:\work\venom.slave\workspace\test.engine.build.release_master@2\cpp\cpptest\modules\cpptestcc\src\CmdlnTools.cc:84] [cpptestcc]         ^
[2024-11-18 15:23:41][25092][C:\work\venom.slave\workspace\test.engine.build.release_master@2\cpp\cpptest\modules\cpptestcc\src\CmdlnTools.cc:84] [cpptestcc] "/usr/lib/gcc/x86_64-pc-cygwin/11/include/c++/ext/string_conversions.h", line
[2024-11-18 15:23:41][25092][C:\work\venom.slave\workspace\test.engine.build.release_master@2\cpp\cpptest\modules\cpptestcc\src\CmdlnTools.cc:84] [cpptestcc]           73: note: function "_Range_chk::_S_chk(double, std::true_type)" does
[2024-11-18 15:23:41][25092][C:\work\venom.slave\workspace\test.engine.build.release_master@2\cpp\cpptest\modules\cpptestcc\src\CmdlnTools.cc:84] [cpptestcc]           not match because argument #2 does not match parameter
[2024-11-18 15:23:41][25092][C:\work\venom.slave\workspace\test.engine.build.release_master@2\cpp\cpptest\modules\cpptestcc\src\CmdlnTools.cc:84] [cpptestcc]      _S_chk(_TRet __val, std::true_type)
[2024-11-18 15:23:41][25092][C:\work\venom.slave\workspace\test.engine.build.release_master@2\cpp\cpptest\modules\cpptestcc\src\CmdlnTools.cc:84] [cpptestcc]      ^
[2024-11-18 15:23:41][25092][C:\work\venom.slave\workspace\test.engine.build.release_master@2\cpp\cpptest\modules\cpptestcc\src\CmdlnTools.cc:84] [cpptestcc] "/usr/lib/gcc/x86_64-pc-cygwin/11/include/c++/ext/string_conversions.h", line
[2024-11-18 15:23:41][25092][C:\work\venom.slave\workspace\test.engine.build.release_master@2\cpp\cpptest\modules\cpptestcc\src\CmdlnTools.cc:84] [cpptestcc]           70: note: function "_Range_chk::_S_chk(double, std::false_type)" does
[2024-11-18 15:23:41][25092][C:\work\venom.slave\workspace\test.engine.build.release_master@2\cpp\cpptest\modules\cpptestcc\src\CmdlnTools.cc:84] [cpptestcc]           not match because argument #2 does not match parameter
[2024-11-18 15:23:41][25092][C:\work\venom.slave\workspace\test.engine.build.release_master@2\cpp\cpptest\modules\cpptestcc\src\CmdlnTools.cc:84] [cpptestcc]      _S_chk(_TRet, std::false_type) { return false; }
[2024-11-18 15:23:41][25092][C:\work\venom.slave\workspace\test.engine.build.release_master@2\cpp\cpptest\modules\cpptestcc\src\CmdlnTools.cc:84] [cpptestcc]      ^
[2024-11-18 15:23:41][25092][C:\work\venom.slave\workspace\test.engine.build.release_master@2\cpp\cpptest\modules\cpptestcc\src\CmdlnTools.cc:84] [cpptestcc]           detected during instantiation of "_Ret __gnu_cxx::__stoa(_TRet
[2024-11-18 15:23:41][25092][C:\work\venom.slave\workspace\test.engine.build.release_master@2\cpp\cpptest\modules\cpptestcc\src\CmdlnTools.cc:84] [cpptestcc]                     (*)(const _CharT *, _CharT **, _Base...), const char *,
[2024-11-18 15:23:41][25092][C:\work\venom.slave\workspace\test.engine.build.release_master@2\cpp\cpptest\modules\cpptestcc\src\CmdlnTools.cc:84] [cpptestcc]                     const _CharT *, std::size_t *, _Base...) [with
[2024-11-18 15:23:41][25092][C:\work\venom.slave\workspace\test.engine.build.release_master@2\cpp\cpptest\modules\cpptestcc\src\CmdlnTools.cc:84] [cpptestcc]                     _TRet=double, _Ret=double, _CharT=char, _Base=<>]" at line
[2024-11-18 15:23:41][25092][C:\work\venom.slave\workspace\test.engine.build.release_master@2\cpp\cpptest\modules\cpptestcc\src\CmdlnTools.cc:84] [cpptestcc]                     6650 of
[2024-11-18 15:23:41][25092][C:\work\venom.slave\workspace\test.engine.build.release_master@2\cpp\cpptest\modules\cpptestcc\src\CmdlnTools.cc:84] [cpptestcc]                     "/usr/lib/gcc/x86_64-pc-cygwin/11/include/c++/bits/basic_st
[2024-11-18 15:23:41][25092][C:\work\venom.slave\workspace\test.engine.build.release_master@2\cpp\cpptest\modules\cpptestcc\src\CmdlnTools.cc:84] [cpptestcc]                     ring.h"
[2024-11-18 15:23:41][25092][C:\work\venom.slave\workspace\test.engine.build.release_master@2\cpp\cpptest\modules\cpptestcc\src\CmdlnTools.cc:84] [cpptestcc] 
[2024-11-18 15:23:41][25092][C:\work\venom.slave\workspace\test.engine.build.release_master@2\cpp\cpptest\modules\cpptestcc\src\CmdlnTools.cc:84] [cpptestcc] "/usr/lib/gcc/x86_64-pc-cygwin/11/include/c++/ext/string_conversions.h", line
[2024-11-18 15:23:41][25092][C:\work\venom.slave\workspace\test.engine.build.release_master@2\cpp\cpptest\modules\cpptestcc\src\CmdlnTools.cc:84] [cpptestcc]           85: error: no instance of overloaded function "_Range_chk::_S_chk"
[2024-11-18 15:23:41][25092][C:\work\venom.slave\workspace\test.engine.build.release_master@2\cpp\cpptest\modules\cpptestcc\src\CmdlnTools.cc:84] [cpptestcc]           matches the argument list
[2024-11-18 15:23:41][25092][C:\work\venom.slave\workspace\test.engine.build.release_master@2\cpp\cpptest\modules\cpptestcc\src\CmdlnTools.cc:84] [cpptestcc]             argument types are: (const long double, std::is_same<long double,
[2024-11-18 15:23:41][25092][C:\work\venom.slave\workspace\test.engine.build.release_master@2\cpp\cpptest\modules\cpptestcc\src\CmdlnTools.cc:84] [cpptestcc]                       int>)
[2024-11-18 15:23:41][25092][C:\work\venom.slave\workspace\test.engine.build.release_master@2\cpp\cpptest\modules\cpptestcc\src\CmdlnTools.cc:84] [cpptestcc]      || _Range_chk::_S_chk(__tmp, std::is_same<_Ret, int>{}))
[2024-11-18 15:23:41][25092][C:\work\venom.slave\workspace\test.engine.build.release_master@2\cpp\cpptest\modules\cpptestcc\src\CmdlnTools.cc:84] [cpptestcc]         ^
[2024-11-18 15:23:41][25092][C:\work\venom.slave\workspace\test.engine.build.release_master@2\cpp\cpptest\modules\cpptestcc\src\CmdlnTools.cc:84] [cpptestcc] "/usr/lib/gcc/x86_64-pc-cygwin/11/include/c++/ext/string_conversions.h", line
[2024-11-18 15:23:41][25092][C:\work\venom.slave\workspace\test.engine.build.release_master@2\cpp\cpptest\modules\cpptestcc\src\CmdlnTools.cc:84] [cpptestcc]           73: note: function "_Range_chk::_S_chk(long double, std::true_type)"
[2024-11-18 15:23:41][25092][C:\work\venom.slave\workspace\test.engine.build.release_master@2\cpp\cpptest\modules\cpptestcc\src\CmdlnTools.cc:84] [cpptestcc]           does not match because argument #2 does not match parameter
[2024-11-18 15:23:41][25092][C:\work\venom.slave\workspace\test.engine.build.release_master@2\cpp\cpptest\modules\cpptestcc\src\CmdlnTools.cc:84] [cpptestcc]      _S_chk(_TRet __val, std::true_type)
[2024-11-18 15:23:41][25092][C:\work\venom.slave\workspace\test.engine.build.release_master@2\cpp\cpptest\modules\cpptestcc\src\CmdlnTools.cc:84] [cpptestcc]      ^
[2024-11-18 15:23:41][25092][C:\work\venom.slave\workspace\test.engine.build.release_master@2\cpp\cpptest\modules\cpptestcc\src\CmdlnTools.cc:84] [cpptestcc] "/usr/lib/gcc/x86_64-pc-cygwin/11/include/c++/ext/string_conversions.h", line
[2024-11-18 15:23:41][25092][C:\work\venom.slave\workspace\test.engine.build.release_master@2\cpp\cpptest\modules\cpptestcc\src\CmdlnTools.cc:84] [cpptestcc]           70: note: function "_Range_chk::_S_chk(long double, std::false_type)"
[2024-11-18 15:23:41][25092][C:\work\venom.slave\workspace\test.engine.build.release_master@2\cpp\cpptest\modules\cpptestcc\src\CmdlnTools.cc:84] [cpptestcc]           does not match because argument #2 does not match parameter
[2024-11-18 15:23:41][25092][C:\work\venom.slave\workspace\test.engine.build.release_master@2\cpp\cpptest\modules\cpptestcc\src\CmdlnTools.cc:84] [cpptestcc]      _S_chk(_TRet, std::false_type) { return false; }
[2024-11-18 15:23:41][25092][C:\work\venom.slave\workspace\test.engine.build.release_master@2\cpp\cpptest\modules\cpptestcc\src\CmdlnTools.cc:84] [cpptestcc]      ^
[2024-11-18 15:23:41][25092][C:\work\venom.slave\workspace\test.engine.build.release_master@2\cpp\cpptest\modules\cpptestcc\src\CmdlnTools.cc:84] [cpptestcc]           detected during instantiation of "_Ret __gnu_cxx::__stoa(_TRet
[2024-11-18 15:23:41][25092][C:\work\venom.slave\workspace\test.engine.build.release_master@2\cpp\cpptest\modules\cpptestcc\src\CmdlnTools.cc:84] [cpptestcc]                     (*)(const _CharT *, _CharT **, _Base...), const char *,
[2024-11-18 15:23:41][25092][C:\work\venom.slave\workspace\test.engine.build.release_master@2\cpp\cpptest\modules\cpptestcc\src\CmdlnTools.cc:84] [cpptestcc]                     const _CharT *, std::size_t *, _Base...) [with _TRet=long
[2024-11-18 15:23:41][25092][C:\work\venom.slave\workspace\test.engine.build.release_master@2\cpp\cpptest\modules\cpptestcc\src\CmdlnTools.cc:84] [cpptestcc]                     double, _Ret=long double, _CharT=char, _Base=<>]" at line
[2024-11-18 15:23:41][25092][C:\work\venom.slave\workspace\test.engine.build.release_master@2\cpp\cpptest\modules\cpptestcc\src\CmdlnTools.cc:84] [cpptestcc]                     6654 of
[2024-11-18 15:23:41][25092][C:\work\venom.slave\workspace\test.engine.build.release_master@2\cpp\cpptest\modules\cpptestcc\src\CmdlnTools.cc:84] [cpptestcc]                     "/usr/lib/gcc/x86_64-pc-cygwin/11/include/c++/bits/basic_st
[2024-11-18 15:23:41][25092][C:\work\venom.slave\workspace\test.engine.build.release_master@2\cpp\cpptest\modules\cpptestcc\src\CmdlnTools.cc:84] [cpptestcc]                     ring.h"
[2024-11-18 15:23:41][25092][C:\work\venom.slave\workspace\test.engine.build.release_master@2\cpp\cpptest\modules\cpptestcc\src\CmdlnTools.cc:84] [cpptestcc] 
[2024-11-18 15:23:41][25092][C:\work\venom.slave\workspace\test.engine.build.release_master@2\cpp\cpptest\modules\cpptestcc\src\CmdlnTools.cc:84] [cpptestcc] "/usr/lib/gcc/x86_64-pc-cygwin/11/include/c++/ext/string_conversions.h", line
[2024-11-18 15:23:41][25092][C:\work\venom.slave\workspace\test.engine.build.release_master@2\cpp\cpptest\modules\cpptestcc\src\CmdlnTools.cc:84] [cpptestcc]           85: error: no instance of overloaded function "_Range_chk::_S_chk"
[2024-11-18 15:23:41][25092][C:\work\venom.slave\workspace\test.engine.build.release_master@2\cpp\cpptest\modules\cpptestcc\src\CmdlnTools.cc:84] [cpptestcc]           matches the argument list
[2024-11-18 15:23:41][25092][C:\work\venom.slave\workspace\test.engine.build.release_master@2\cpp\cpptest\modules\cpptestcc\src\CmdlnTools.cc:84] [cpptestcc]             argument types are: (const long, std::is_same<int, int>)
[2024-11-18 15:23:41][25092][C:\work\venom.slave\workspace\test.engine.build.release_master@2\cpp\cpptest\modules\cpptestcc\src\CmdlnTools.cc:84] [cpptestcc]      || _Range_chk::_S_chk(__tmp, std::is_same<_Ret, int>{}))
[2024-11-18 15:23:41][25092][C:\work\venom.slave\workspace\test.engine.build.release_master@2\cpp\cpptest\modules\cpptestcc\src\CmdlnTools.cc:84] [cpptestcc]         ^
[2024-11-18 15:23:41][25092][C:\work\venom.slave\workspace\test.engine.build.release_master@2\cpp\cpptest\modules\cpptestcc\src\CmdlnTools.cc:84] [cpptestcc] "/usr/lib/gcc/x86_64-pc-cygwin/11/include/c++/ext/string_conversions.h", line
[2024-11-18 15:23:41][25092][C:\work\venom.slave\workspace\test.engine.build.release_master@2\cpp\cpptest\modules\cpptestcc\src\CmdlnTools.cc:84] [cpptestcc]           73: note: function "_Range_chk::_S_chk(long, std::true_type)" does
[2024-11-18 15:23:41][25092][C:\work\venom.slave\workspace\test.engine.build.release_master@2\cpp\cpptest\modules\cpptestcc\src\CmdlnTools.cc:84] [cpptestcc]           not match because argument #2 does not match parameter
[2024-11-18 15:23:41][25092][C:\work\venom.slave\workspace\test.engine.build.release_master@2\cpp\cpptest\modules\cpptestcc\src\CmdlnTools.cc:84] [cpptestcc]      _S_chk(_TRet __val, std::true_type)
[2024-11-18 15:23:41][25092][C:\work\venom.slave\workspace\test.engine.build.release_master@2\cpp\cpptest\modules\cpptestcc\src\CmdlnTools.cc:84] [cpptestcc]      ^
[2024-11-18 15:23:41][25092][C:\work\venom.slave\workspace\test.engine.build.release_master@2\cpp\cpptest\modules\cpptestcc\src\CmdlnTools.cc:84] [cpptestcc] "/usr/lib/gcc/x86_64-pc-cygwin/11/include/c++/ext/string_conversions.h", line
[2024-11-18 15:23:41][25092][C:\work\venom.slave\workspace\test.engine.build.release_master@2\cpp\cpptest\modules\cpptestcc\src\CmdlnTools.cc:84] [cpptestcc]           70: note: function "_Range_chk::_S_chk(long, std::false_type)" does
[2024-11-18 15:23:41][25092][C:\work\venom.slave\workspace\test.engine.build.release_master@2\cpp\cpptest\modules\cpptestcc\src\CmdlnTools.cc:84] [cpptestcc]           not match because argument #2 does not match parameter
[2024-11-18 15:23:41][25092][C:\work\venom.slave\workspace\test.engine.build.release_master@2\cpp\cpptest\modules\cpptestcc\src\CmdlnTools.cc:84] [cpptestcc]      _S_chk(_TRet, std::false_type) { return false; }
[2024-11-18 15:23:41][25092][C:\work\venom.slave\workspace\test.engine.build.release_master@2\cpp\cpptest\modules\cpptestcc\src\CmdlnTools.cc:84] [cpptestcc]      ^
[2024-11-18 15:23:41][25092][C:\work\venom.slave\workspace\test.engine.build.release_master@2\cpp\cpptest\modules\cpptestcc\src\CmdlnTools.cc:84] [cpptestcc]           detected during instantiation of "_Ret __gnu_cxx::__stoa(_TRet
[2024-11-18 15:23:41][25092][C:\work\venom.slave\workspace\test.engine.build.release_master@2\cpp\cpptest\modules\cpptestcc\src\CmdlnTools.cc:84] [cpptestcc]                     (*)(const _CharT *, _CharT **, _Base...), const char *,
[2024-11-18 15:23:41][25092][C:\work\venom.slave\workspace\test.engine.build.release_master@2\cpp\cpptest\modules\cpptestcc\src\CmdlnTools.cc:84] [cpptestcc]                     const _CharT *, std::size_t *, _Base...) [with _TRet=long,
[2024-11-18 15:23:41][25092][C:\work\venom.slave\workspace\test.engine.build.release_master@2\cpp\cpptest\modules\cpptestcc\src\CmdlnTools.cc:84] [cpptestcc]                     _Ret=int, _CharT=wchar_t, _Base=<int>]" at line 6751 of
[2024-11-18 15:23:41][25092][C:\work\venom.slave\workspace\test.engine.build.release_master@2\cpp\cpptest\modules\cpptestcc\src\CmdlnTools.cc:84] [cpptestcc]                     "/usr/lib/gcc/x86_64-pc-cygwin/11/include/c++/bits/basic_st
[2024-11-18 15:23:41][25092][C:\work\venom.slave\workspace\test.engine.build.release_master@2\cpp\cpptest\modules\cpptestcc\src\CmdlnTools.cc:84] [cpptestcc]                     ring.h"
[2024-11-18 15:23:41][25092][C:\work\venom.slave\workspace\test.engine.build.release_master@2\cpp\cpptest\modules\cpptestcc\src\CmdlnTools.cc:84] [cpptestcc] 
[2024-11-18 15:23:41][25092][C:\work\venom.slave\workspace\test.engine.build.release_master@2\cpp\cpptest\modules\cpptestcc\src\CmdlnTools.cc:84] [cpptestcc] "/usr/lib/gcc/x86_64-pc-cygwin/11/include/c++/ext/string_conversions.h", line
[2024-11-18 15:23:41][25092][C:\work\venom.slave\workspace\test.engine.build.release_master@2\cpp\cpptest\modules\cpptestcc\src\CmdlnTools.cc:84] [cpptestcc]           85: error: no instance of overloaded function "_Range_chk::_S_chk"
[2024-11-18 15:23:41][25092][C:\work\venom.slave\workspace\test.engine.build.release_master@2\cpp\cpptest\modules\cpptestcc\src\CmdlnTools.cc:84] [cpptestcc]           matches the argument list
[2024-11-18 15:23:41][25092][C:\work\venom.slave\workspace\test.engine.build.release_master@2\cpp\cpptest\modules\cpptestcc\src\CmdlnTools.cc:84] [cpptestcc]             argument types are: (const long, std::is_same<long, int>)
[2024-11-18 15:23:41][25092][C:\work\venom.slave\workspace\test.engine.build.release_master@2\cpp\cpptest\modules\cpptestcc\src\CmdlnTools.cc:84] [cpptestcc]      || _Range_chk::_S_chk(__tmp, std::is_same<_Ret, int>{}))
[2024-11-18 15:23:41][25092][C:\work\venom.slave\workspace\test.engine.build.release_master@2\cpp\cpptest\modules\cpptestcc\src\CmdlnTools.cc:84] [cpptestcc]         ^
[2024-11-18 15:23:41][25092][C:\work\venom.slave\workspace\test.engine.build.release_master@2\cpp\cpptest\modules\cpptestcc\src\CmdlnTools.cc:84] [cpptestcc] "/usr/lib/gcc/x86_64-pc-cygwin/11/include/c++/ext/string_conversions.h", line
[2024-11-18 15:23:41][25092][C:\work\venom.slave\workspace\test.engine.build.release_master@2\cpp\cpptest\modules\cpptestcc\src\CmdlnTools.cc:84] [cpptestcc]           73: note: function "_Range_chk::_S_chk(long, std::true_type)" does
[2024-11-18 15:23:41][25092][C:\work\venom.slave\workspace\test.engine.build.release_master@2\cpp\cpptest\modules\cpptestcc\src\CmdlnTools.cc:84] [cpptestcc]           not match because argument #2 does not match parameter
[2024-11-18 15:23:41][25092][C:\work\venom.slave\workspace\test.engine.build.release_master@2\cpp\cpptest\modules\cpptestcc\src\CmdlnTools.cc:84] [cpptestcc]      _S_chk(_TRet __val, std::true_type)
[2024-11-18 15:23:41][25092][C:\work\venom.slave\workspace\test.engine.build.release_master@2\cpp\cpptest\modules\cpptestcc\src\CmdlnTools.cc:84] [cpptestcc]      ^
[2024-11-18 15:23:41][25092][C:\work\venom.slave\workspace\test.engine.build.release_master@2\cpp\cpptest\modules\cpptestcc\src\CmdlnTools.cc:84] [cpptestcc] "/usr/lib/gcc/x86_64-pc-cygwin/11/include/c++/ext/string_conversions.h", line
[2024-11-18 15:23:41][25092][C:\work\venom.slave\workspace\test.engine.build.release_master@2\cpp\cpptest\modules\cpptestcc\src\CmdlnTools.cc:84] [cpptestcc]           70: note: function "_Range_chk::_S_chk(long, std::false_type)" does
[2024-11-18 15:23:41][25092][C:\work\venom.slave\workspace\test.engine.build.release_master@2\cpp\cpptest\modules\cpptestcc\src\CmdlnTools.cc:84] [cpptestcc]           not match because argument #2 does not match parameter
[2024-11-18 15:23:41][25092][C:\work\venom.slave\workspace\test.engine.build.release_master@2\cpp\cpptest\modules\cpptestcc\src\CmdlnTools.cc:84] [cpptestcc]      _S_chk(_TRet, std::false_type) { return false; }
[2024-11-18 15:23:41][25092][C:\work\venom.slave\workspace\test.engine.build.release_master@2\cpp\cpptest\modules\cpptestcc\src\CmdlnTools.cc:84] [cpptestcc]      ^
[2024-11-18 15:23:41][25092][C:\work\venom.slave\workspace\test.engine.build.release_master@2\cpp\cpptest\modules\cpptestcc\src\CmdlnTools.cc:84] [cpptestcc]           detected during instantiation of "_Ret __gnu_cxx::__stoa(_TRet
[2024-11-18 15:23:41][25092][C:\work\venom.slave\workspace\test.engine.build.release_master@2\cpp\cpptest\modules\cpptestcc\src\CmdlnTools.cc:84] [cpptestcc]                     (*)(const _CharT *, _CharT **, _Base...), const char *,
[2024-11-18 15:23:41][25092][C:\work\venom.slave\workspace\test.engine.build.release_master@2\cpp\cpptest\modules\cpptestcc\src\CmdlnTools.cc:84] [cpptestcc]                     const _CharT *, std::size_t *, _Base...) [with _TRet=long,
[2024-11-18 15:23:41][25092][C:\work\venom.slave\workspace\test.engine.build.release_master@2\cpp\cpptest\modules\cpptestcc\src\CmdlnTools.cc:84] [cpptestcc]                     _Ret=long, _CharT=wchar_t, _Base=<int>]" at line 6756 of
[2024-11-18 15:23:41][25092][C:\work\venom.slave\workspace\test.engine.build.release_master@2\cpp\cpptest\modules\cpptestcc\src\CmdlnTools.cc:84] [cpptestcc]                     "/usr/lib/gcc/x86_64-pc-cygwin/11/include/c++/bits/basic_st
[2024-11-18 15:23:41][25092][C:\work\venom.slave\workspace\test.engine.build.release_master@2\cpp\cpptest\modules\cpptestcc\src\CmdlnTools.cc:84] [cpptestcc]                     ring.h"
[2024-11-18 15:23:41][25092][C:\work\venom.slave\workspace\test.engine.build.release_master@2\cpp\cpptest\modules\cpptestcc\src\CmdlnTools.cc:84] [cpptestcc] 
[2024-11-18 15:23:41][25092][C:\work\venom.slave\workspace\test.engine.build.release_master@2\cpp\cpptest\modules\cpptestcc\src\CmdlnTools.cc:84] [cpptestcc] "/usr/lib/gcc/x86_64-pc-cygwin/11/include/c++/ext/string_conversions.h", line
[2024-11-18 15:23:41][25092][C:\work\venom.slave\workspace\test.engine.build.release_master@2\cpp\cpptest\modules\cpptestcc\src\CmdlnTools.cc:84] [cpptestcc]           85: error: no instance of overloaded function "_Range_chk::_S_chk"
[2024-11-18 15:23:41][25092][C:\work\venom.slave\workspace\test.engine.build.release_master@2\cpp\cpptest\modules\cpptestcc\src\CmdlnTools.cc:84] [cpptestcc]           matches the argument list
[2024-11-18 15:23:41][25092][C:\work\venom.slave\workspace\test.engine.build.release_master@2\cpp\cpptest\modules\cpptestcc\src\CmdlnTools.cc:84] [cpptestcc]             argument types are: (const unsigned long, std::is_same<unsigned
[2024-11-18 15:23:41][25092][C:\work\venom.slave\workspace\test.engine.build.release_master@2\cpp\cpptest\modules\cpptestcc\src\CmdlnTools.cc:84] [cpptestcc]                       long, int>)
[2024-11-18 15:23:41][25092][C:\work\venom.slave\workspace\test.engine.build.release_master@2\cpp\cpptest\modules\cpptestcc\src\CmdlnTools.cc:84] [cpptestcc]      || _Range_chk::_S_chk(__tmp, std::is_same<_Ret, int>{}))
[2024-11-18 15:23:41][25092][C:\work\venom.slave\workspace\test.engine.build.release_master@2\cpp\cpptest\modules\cpptestcc\src\CmdlnTools.cc:84] [cpptestcc]         ^
[2024-11-18 15:23:41][25092][C:\work\venom.slave\workspace\test.engine.build.release_master@2\cpp\cpptest\modules\cpptestcc\src\CmdlnTools.cc:84] [cpptestcc] "/usr/lib/gcc/x86_64-pc-cygwin/11/include/c++/ext/string_conversions.h", line
[2024-11-18 15:23:41][25092][C:\work\venom.slave\workspace\test.engine.build.release_master@2\cpp\cpptest\modules\cpptestcc\src\CmdlnTools.cc:84] [cpptestcc]           73: note: function "_Range_chk::_S_chk(unsigned long,
[2024-11-18 15:23:41][25092][C:\work\venom.slave\workspace\test.engine.build.release_master@2\cpp\cpptest\modules\cpptestcc\src\CmdlnTools.cc:84] [cpptestcc]           std::true_type)" does not match because argument #2 does not match
[2024-11-18 15:23:41][25092][C:\work\venom.slave\workspace\test.engine.build.release_master@2\cpp\cpptest\modules\cpptestcc\src\CmdlnTools.cc:84] [cpptestcc]           parameter
[2024-11-18 15:23:41][25092][C:\work\venom.slave\workspace\test.engine.build.release_master@2\cpp\cpptest\modules\cpptestcc\src\CmdlnTools.cc:84] [cpptestcc]      _S_chk(_TRet __val, std::true_type)
[2024-11-18 15:23:41][25092][C:\work\venom.slave\workspace\test.engine.build.release_master@2\cpp\cpptest\modules\cpptestcc\src\CmdlnTools.cc:84] [cpptestcc]      ^
[2024-11-18 15:23:41][25092][C:\work\venom.slave\workspace\test.engine.build.release_master@2\cpp\cpptest\modules\cpptestcc\src\CmdlnTools.cc:84] [cpptestcc] "/usr/lib/gcc/x86_64-pc-cygwin/11/include/c++/ext/string_conversions.h", line
[2024-11-18 15:23:41][25092][C:\work\venom.slave\workspace\test.engine.build.release_master@2\cpp\cpptest\modules\cpptestcc\src\CmdlnTools.cc:84] [cpptestcc]           70: note: function "_Range_chk::_S_chk(unsigned long,
[2024-11-18 15:23:41][25092][C:\work\venom.slave\workspace\test.engine.build.release_master@2\cpp\cpptest\modules\cpptestcc\src\CmdlnTools.cc:84] [cpptestcc]           std::false_type)" does not match because argument #2 does not match
[2024-11-18 15:23:41][25092][C:\work\venom.slave\workspace\test.engine.build.release_master@2\cpp\cpptest\modules\cpptestcc\src\CmdlnTools.cc:84] [cpptestcc]           parameter
[2024-11-18 15:23:41][25092][C:\work\venom.slave\workspace\test.engine.build.release_master@2\cpp\cpptest\modules\cpptestcc\src\CmdlnTools.cc:84] [cpptestcc]      _S_chk(_TRet, std::false_type) { return false; }
[2024-11-18 15:23:41][25092][C:\work\venom.slave\workspace\test.engine.build.release_master@2\cpp\cpptest\modules\cpptestcc\src\CmdlnTools.cc:84] [cpptestcc]      ^
[2024-11-18 15:23:41][25092][C:\work\venom.slave\workspace\test.engine.build.release_master@2\cpp\cpptest\modules\cpptestcc\src\CmdlnTools.cc:84] [cpptestcc]           detected during instantiation of "_Ret __gnu_cxx::__stoa(_TRet
[2024-11-18 15:23:41][25092][C:\work\venom.slave\workspace\test.engine.build.release_master@2\cpp\cpptest\modules\cpptestcc\src\CmdlnTools.cc:84] [cpptestcc]                     (*)(const _CharT *, _CharT **, _Base...), const char *,
[2024-11-18 15:23:41][25092][C:\work\venom.slave\workspace\test.engine.build.release_master@2\cpp\cpptest\modules\cpptestcc\src\CmdlnTools.cc:84] [cpptestcc]                     const _CharT *, std::size_t *, _Base...) [with
[2024-11-18 15:23:41][25092][C:\work\venom.slave\workspace\test.engine.build.release_master@2\cpp\cpptest\modules\cpptestcc\src\CmdlnTools.cc:84] [cpptestcc]                     _TRet=unsigned long, _Ret=unsigned long, _CharT=wchar_t,
[2024-11-18 15:23:41][25092][C:\work\venom.slave\workspace\test.engine.build.release_master@2\cpp\cpptest\modules\cpptestcc\src\CmdlnTools.cc:84] [cpptestcc]                     _Base=<int>]" at line 6761 of
[2024-11-18 15:23:41][25092][C:\work\venom.slave\workspace\test.engine.build.release_master@2\cpp\cpptest\modules\cpptestcc\src\CmdlnTools.cc:84] [cpptestcc]                     "/usr/lib/gcc/x86_64-pc-cygwin/11/include/c++/bits/basic_st
[2024-11-18 15:23:41][25092][C:\work\venom.slave\workspace\test.engine.build.release_master@2\cpp\cpptest\modules\cpptestcc\src\CmdlnTools.cc:84] [cpptestcc]                     ring.h"
[2024-11-18 15:23:41][25092][C:\work\venom.slave\workspace\test.engine.build.release_master@2\cpp\cpptest\modules\cpptestcc\src\CmdlnTools.cc:84] [cpptestcc] 
[2024-11-18 15:23:41][25092][C:\work\venom.slave\workspace\test.engine.build.release_master@2\cpp\cpptest\modules\cpptestcc\src\CmdlnTools.cc:84] [cpptestcc] "/usr/lib/gcc/x86_64-pc-cygwin/11/include/c++/ext/string_conversions.h", line
[2024-11-18 15:23:41][25092][C:\work\venom.slave\workspace\test.engine.build.release_master@2\cpp\cpptest\modules\cpptestcc\src\CmdlnTools.cc:84] [cpptestcc]           85: error: no instance of overloaded function "_Range_chk::_S_chk"
[2024-11-18 15:23:41][25092][C:\work\venom.slave\workspace\test.engine.build.release_master@2\cpp\cpptest\modules\cpptestcc\src\CmdlnTools.cc:84] [cpptestcc]           matches the argument list
[2024-11-18 15:23:41][25092][C:\work\venom.slave\workspace\test.engine.build.release_master@2\cpp\cpptest\modules\cpptestcc\src\CmdlnTools.cc:84] [cpptestcc]             argument types are: (const long long, std::is_same<long long, int>)
[2024-11-18 15:23:41][25092][C:\work\venom.slave\workspace\test.engine.build.release_master@2\cpp\cpptest\modules\cpptestcc\src\CmdlnTools.cc:84] [cpptestcc]      || _Range_chk::_S_chk(__tmp, std::is_same<_Ret, int>{}))
[2024-11-18 15:23:41][25092][C:\work\venom.slave\workspace\test.engine.build.release_master@2\cpp\cpptest\modules\cpptestcc\src\CmdlnTools.cc:84] [cpptestcc]         ^
[2024-11-18 15:23:41][25092][C:\work\venom.slave\workspace\test.engine.build.release_master@2\cpp\cpptest\modules\cpptestcc\src\CmdlnTools.cc:84] [cpptestcc] "/usr/lib/gcc/x86_64-pc-cygwin/11/include/c++/ext/string_conversions.h", line
[2024-11-18 15:23:41][25092][C:\work\venom.slave\workspace\test.engine.build.release_master@2\cpp\cpptest\modules\cpptestcc\src\CmdlnTools.cc:84] [cpptestcc]           73: note: function "_Range_chk::_S_chk(long long, std::true_type)"
[2024-11-18 15:23:41][25092][C:\work\venom.slave\workspace\test.engine.build.release_master@2\cpp\cpptest\modules\cpptestcc\src\CmdlnTools.cc:84] [cpptestcc]           does not match because argument #2 does not match parameter
[2024-11-18 15:23:41][25092][C:\work\venom.slave\workspace\test.engine.build.release_master@2\cpp\cpptest\modules\cpptestcc\src\CmdlnTools.cc:84] [cpptestcc]      _S_chk(_TRet __val, std::true_type)
[2024-11-18 15:23:41][25092][C:\work\venom.slave\workspace\test.engine.build.release_master@2\cpp\cpptest\modules\cpptestcc\src\CmdlnTools.cc:84] [cpptestcc]      ^
[2024-11-18 15:23:41][25092][C:\work\venom.slave\workspace\test.engine.build.release_master@2\cpp\cpptest\modules\cpptestcc\src\CmdlnTools.cc:84] [cpptestcc] "/usr/lib/gcc/x86_64-pc-cygwin/11/include/c++/ext/string_conversions.h", line
[2024-11-18 15:23:41][25092][C:\work\venom.slave\workspace\test.engine.build.release_master@2\cpp\cpptest\modules\cpptestcc\src\CmdlnTools.cc:84] [cpptestcc]           70: note: function "_Range_chk::_S_chk(long long, std::false_type)"
[2024-11-18 15:23:41][25092][C:\work\venom.slave\workspace\test.engine.build.release_master@2\cpp\cpptest\modules\cpptestcc\src\CmdlnTools.cc:84] [cpptestcc]           does not match because argument #2 does not match parameter
[2024-11-18 15:23:41][25092][C:\work\venom.slave\workspace\test.engine.build.release_master@2\cpp\cpptest\modules\cpptestcc\src\CmdlnTools.cc:84] [cpptestcc]      _S_chk(_TRet, std::false_type) { return false; }
[2024-11-18 15:23:41][25092][C:\work\venom.slave\workspace\test.engine.build.release_master@2\cpp\cpptest\modules\cpptestcc\src\CmdlnTools.cc:84] [cpptestcc]      ^
[2024-11-18 15:23:41][25092][C:\work\venom.slave\workspace\test.engine.build.release_master@2\cpp\cpptest\modules\cpptestcc\src\CmdlnTools.cc:84] [cpptestcc]           detected during instantiation of "_Ret __gnu_cxx::__stoa(_TRet
[2024-11-18 15:23:41][25092][C:\work\venom.slave\workspace\test.engine.build.release_master@2\cpp\cpptest\modules\cpptestcc\src\CmdlnTools.cc:84] [cpptestcc]                     (*)(const _CharT *, _CharT **, _Base...), const char *,
[2024-11-18 15:23:41][25092][C:\work\venom.slave\workspace\test.engine.build.release_master@2\cpp\cpptest\modules\cpptestcc\src\CmdlnTools.cc:84] [cpptestcc]                     const _CharT *, std::size_t *, _Base...) [with _TRet=long
[2024-11-18 15:23:41][25092][C:\work\venom.slave\workspace\test.engine.build.release_master@2\cpp\cpptest\modules\cpptestcc\src\CmdlnTools.cc:84] [cpptestcc]                     long, _Ret=long long, _CharT=wchar_t, _Base=<int>]" at line
[2024-11-18 15:23:41][25092][C:\work\venom.slave\workspace\test.engine.build.release_master@2\cpp\cpptest\modules\cpptestcc\src\CmdlnTools.cc:84] [cpptestcc]                     6766 of
[2024-11-18 15:23:41][25092][C:\work\venom.slave\workspace\test.engine.build.release_master@2\cpp\cpptest\modules\cpptestcc\src\CmdlnTools.cc:84] [cpptestcc]                     "/usr/lib/gcc/x86_64-pc-cygwin/11/include/c++/bits/basic_st
[2024-11-18 15:23:41][25092][C:\work\venom.slave\workspace\test.engine.build.release_master@2\cpp\cpptest\modules\cpptestcc\src\CmdlnTools.cc:84] [cpptestcc]                     ring.h"
[2024-11-18 15:23:41][25092][C:\work\venom.slave\workspace\test.engine.build.release_master@2\cpp\cpptest\modules\cpptestcc\src\CmdlnTools.cc:84] [cpptestcc] 
[2024-11-18 15:23:41][25092][C:\work\venom.slave\workspace\test.engine.build.release_master@2\cpp\cpptest\modules\cpptestcc\src\CmdlnTools.cc:84] [cpptestcc] "/usr/lib/gcc/x86_64-pc-cygwin/11/include/c++/ext/string_conversions.h", line
[2024-11-18 15:23:41][25092][C:\work\venom.slave\workspace\test.engine.build.release_master@2\cpp\cpptest\modules\cpptestcc\src\CmdlnTools.cc:84] [cpptestcc]           85: error: no instance of overloaded function "_Range_chk::_S_chk"
[2024-11-18 15:23:41][25092][C:\work\venom.slave\workspace\test.engine.build.release_master@2\cpp\cpptest\modules\cpptestcc\src\CmdlnTools.cc:84] [cpptestcc]           matches the argument list
[2024-11-18 15:23:41][25092][C:\work\venom.slave\workspace\test.engine.build.release_master@2\cpp\cpptest\modules\cpptestcc\src\CmdlnTools.cc:84] [cpptestcc]             argument types are: (const unsigned long long,
[2024-11-18 15:23:41][25092][C:\work\venom.slave\workspace\test.engine.build.release_master@2\cpp\cpptest\modules\cpptestcc\src\CmdlnTools.cc:84] [cpptestcc]                       std::is_same<unsigned long long, int>)
[2024-11-18 15:23:41][25092][C:\work\venom.slave\workspace\test.engine.build.release_master@2\cpp\cpptest\modules\cpptestcc\src\CmdlnTools.cc:84] [cpptestcc]      || _Range_chk::_S_chk(__tmp, std::is_same<_Ret, int>{}))
[2024-11-18 15:23:41][25092][C:\work\venom.slave\workspace\test.engine.build.release_master@2\cpp\cpptest\modules\cpptestcc\src\CmdlnTools.cc:84] [cpptestcc]         ^
[2024-11-18 15:23:41][25092][C:\work\venom.slave\workspace\test.engine.build.release_master@2\cpp\cpptest\modules\cpptestcc\src\CmdlnTools.cc:84] [cpptestcc] "/usr/lib/gcc/x86_64-pc-cygwin/11/include/c++/ext/string_conversions.h", line
[2024-11-18 15:23:41][25092][C:\work\venom.slave\workspace\test.engine.build.release_master@2\cpp\cpptest\modules\cpptestcc\src\CmdlnTools.cc:84] [cpptestcc]           73: note: function "_Range_chk::_S_chk(unsigned long long,
[2024-11-18 15:23:41][25092][C:\work\venom.slave\workspace\test.engine.build.release_master@2\cpp\cpptest\modules\cpptestcc\src\CmdlnTools.cc:84] [cpptestcc]           std::true_type)" does not match because argument #2 does not match
[2024-11-18 15:23:41][25092][C:\work\venom.slave\workspace\test.engine.build.release_master@2\cpp\cpptest\modules\cpptestcc\src\CmdlnTools.cc:84] [cpptestcc]           parameter
[2024-11-18 15:23:41][25092][C:\work\venom.slave\workspace\test.engine.build.release_master@2\cpp\cpptest\modules\cpptestcc\src\CmdlnTools.cc:84] [cpptestcc]      _S_chk(_TRet __val, std::true_type)
[2024-11-18 15:23:41][25092][C:\work\venom.slave\workspace\test.engine.build.release_master@2\cpp\cpptest\modules\cpptestcc\src\CmdlnTools.cc:84] [cpptestcc]      ^
[2024-11-18 15:23:41][25092][C:\work\venom.slave\workspace\test.engine.build.release_master@2\cpp\cpptest\modules\cpptestcc\src\CmdlnTools.cc:84] [cpptestcc] "/usr/lib/gcc/x86_64-pc-cygwin/11/include/c++/ext/string_conversions.h", line
[2024-11-18 15:23:41][25092][C:\work\venom.slave\workspace\test.engine.build.release_master@2\cpp\cpptest\modules\cpptestcc\src\CmdlnTools.cc:84] [cpptestcc]           70: note: function "_Range_chk::_S_chk(unsigned long long,
[2024-11-18 15:23:41][25092][C:\work\venom.slave\workspace\test.engine.build.release_master@2\cpp\cpptest\modules\cpptestcc\src\CmdlnTools.cc:84] [cpptestcc]           std::false_type)" does not match because argument #2 does not match
[2024-11-18 15:23:41][25092][C:\work\venom.slave\workspace\test.engine.build.release_master@2\cpp\cpptest\modules\cpptestcc\src\CmdlnTools.cc:84] [cpptestcc]           parameter
[2024-11-18 15:23:41][25092][C:\work\venom.slave\workspace\test.engine.build.release_master@2\cpp\cpptest\modules\cpptestcc\src\CmdlnTools.cc:84] [cpptestcc]      _S_chk(_TRet, std::false_type) { return false; }
[2024-11-18 15:23:41][25092][C:\work\venom.slave\workspace\test.engine.build.release_master@2\cpp\cpptest\modules\cpptestcc\src\CmdlnTools.cc:84] [cpptestcc]      ^
[2024-11-18 15:23:41][25092][C:\work\venom.slave\workspace\test.engine.build.release_master@2\cpp\cpptest\modules\cpptestcc\src\CmdlnTools.cc:84] [cpptestcc]           detected during instantiation of "_Ret __gnu_cxx::__stoa(_TRet
[2024-11-18 15:23:41][25092][C:\work\venom.slave\workspace\test.engine.build.release_master@2\cpp\cpptest\modules\cpptestcc\src\CmdlnTools.cc:84] [cpptestcc]                     (*)(const _CharT *, _CharT **, _Base...), const char *,
[2024-11-18 15:23:41][25092][C:\work\venom.slave\workspace\test.engine.build.release_master@2\cpp\cpptest\modules\cpptestcc\src\CmdlnTools.cc:84] [cpptestcc]                     const _CharT *, std::size_t *, _Base...) [with
[2024-11-18 15:23:41][25092][C:\work\venom.slave\workspace\test.engine.build.release_master@2\cpp\cpptest\modules\cpptestcc\src\CmdlnTools.cc:84] [cpptestcc]                     _TRet=unsigned long long, _Ret=unsigned long long,
[2024-11-18 15:23:41][25092][C:\work\venom.slave\workspace\test.engine.build.release_master@2\cpp\cpptest\modules\cpptestcc\src\CmdlnTools.cc:84] [cpptestcc]                     _CharT=wchar_t, _Base=<int>]" at line 6771 of
[2024-11-18 15:23:41][25092][C:\work\venom.slave\workspace\test.engine.build.release_master@2\cpp\cpptest\modules\cpptestcc\src\CmdlnTools.cc:84] [cpptestcc]                     "/usr/lib/gcc/x86_64-pc-cygwin/11/include/c++/bits/basic_st
[2024-11-18 15:23:41][25092][C:\work\venom.slave\workspace\test.engine.build.release_master@2\cpp\cpptest\modules\cpptestcc\src\CmdlnTools.cc:84] [cpptestcc]                     ring.h"
[2024-11-18 15:23:41][25092][C:\work\venom.slave\workspace\test.engine.build.release_master@2\cpp\cpptest\modules\cpptestcc\src\CmdlnTools.cc:84] [cpptestcc] 
[2024-11-18 15:23:41][25092][C:\work\venom.slave\workspace\test.engine.build.release_master@2\cpp\cpptest\modules\cpptestcc\src\CmdlnTools.cc:84] [cpptestcc] "/usr/lib/gcc/x86_64-pc-cygwin/11/include/c++/ext/string_conversions.h", line
[2024-11-18 15:23:41][25092][C:\work\venom.slave\workspace\test.engine.build.release_master@2\cpp\cpptest\modules\cpptestcc\src\CmdlnTools.cc:84] [cpptestcc]           85: error: no instance of overloaded function "_Range_chk::_S_chk"
[2024-11-18 15:23:41][25092][C:\work\venom.slave\workspace\test.engine.build.release_master@2\cpp\cpptest\modules\cpptestcc\src\CmdlnTools.cc:84] [cpptestcc]           matches the argument list
[2024-11-18 15:23:41][25092][C:\work\venom.slave\workspace\test.engine.build.release_master@2\cpp\cpptest\modules\cpptestcc\src\CmdlnTools.cc:84] [cpptestcc]             argument types are: (const float, std::is_same<float, int>)
[2024-11-18 15:23:41][25092][C:\work\venom.slave\workspace\test.engine.build.release_master@2\cpp\cpptest\modules\cpptestcc\src\CmdlnTools.cc:84] [cpptestcc]      || _Range_chk::_S_chk(__tmp, std::is_same<_Ret, int>{}))
[2024-11-18 15:23:41][25092][C:\work\venom.slave\workspace\test.engine.build.release_master@2\cpp\cpptest\modules\cpptestcc\src\CmdlnTools.cc:84] [cpptestcc]         ^
[2024-11-18 15:23:41][25092][C:\work\venom.slave\workspace\test.engine.build.release_master@2\cpp\cpptest\modules\cpptestcc\src\CmdlnTools.cc:84] [cpptestcc] "/usr/lib/gcc/x86_64-pc-cygwin/11/include/c++/ext/string_conversions.h", line
[2024-11-18 15:23:41][25092][C:\work\venom.slave\workspace\test.engine.build.release_master@2\cpp\cpptest\modules\cpptestcc\src\CmdlnTools.cc:84] [cpptestcc]           73: note: function "_Range_chk::_S_chk(float, std::true_type)" does
[2024-11-18 15:23:41][25092][C:\work\venom.slave\workspace\test.engine.build.release_master@2\cpp\cpptest\modules\cpptestcc\src\CmdlnTools.cc:84] [cpptestcc]           not match because argument #2 does not match parameter
[2024-11-18 15:23:41][25092][C:\work\venom.slave\workspace\test.engine.build.release_master@2\cpp\cpptest\modules\cpptestcc\src\CmdlnTools.cc:84] [cpptestcc]      _S_chk(_TRet __val, std::true_type)
[2024-11-18 15:23:41][25092][C:\work\venom.slave\workspace\test.engine.build.release_master@2\cpp\cpptest\modules\cpptestcc\src\CmdlnTools.cc:84] [cpptestcc]      ^
[2024-11-18 15:23:41][25092][C:\work\venom.slave\workspace\test.engine.build.release_master@2\cpp\cpptest\modules\cpptestcc\src\CmdlnTools.cc:84] [cpptestcc] "/usr/lib/gcc/x86_64-pc-cygwin/11/include/c++/ext/string_conversions.h", line
[2024-11-18 15:23:41][25092][C:\work\venom.slave\workspace\test.engine.build.release_master@2\cpp\cpptest\modules\cpptestcc\src\CmdlnTools.cc:84] [cpptestcc]           70: note: function "_Range_chk::_S_chk(float, std::false_type)" does
[2024-11-18 15:23:41][25092][C:\work\venom.slave\workspace\test.engine.build.release_master@2\cpp\cpptest\modules\cpptestcc\src\CmdlnTools.cc:84] [cpptestcc]           not match because argument #2 does not match parameter
[2024-11-18 15:23:41][25092][C:\work\venom.slave\workspace\test.engine.build.release_master@2\cpp\cpptest\modules\cpptestcc\src\CmdlnTools.cc:84] [cpptestcc]      _S_chk(_TRet, std::false_type) { return false; }
[2024-11-18 15:23:41][25092][C:\work\venom.slave\workspace\test.engine.build.release_master@2\cpp\cpptest\modules\cpptestcc\src\CmdlnTools.cc:84] [cpptestcc]      ^
[2024-11-18 15:23:41][25092][C:\work\venom.slave\workspace\test.engine.build.release_master@2\cpp\cpptest\modules\cpptestcc\src\CmdlnTools.cc:84] [cpptestcc]           detected during instantiation of "_Ret __gnu_cxx::__stoa(_TRet
[2024-11-18 15:23:41][25092][C:\work\venom.slave\workspace\test.engine.build.release_master@2\cpp\cpptest\modules\cpptestcc\src\CmdlnTools.cc:84] [cpptestcc]                     (*)(const _CharT *, _CharT **, _Base...), const char *,
[2024-11-18 15:23:41][25092][C:\work\venom.slave\workspace\test.engine.build.release_master@2\cpp\cpptest\modules\cpptestcc\src\CmdlnTools.cc:84] [cpptestcc]                     const _CharT *, std::size_t *, _Base...) [with _TRet=float,
[2024-11-18 15:23:41][25092][C:\work\venom.slave\workspace\test.engine.build.release_master@2\cpp\cpptest\modules\cpptestcc\src\CmdlnTools.cc:84] [cpptestcc]                     _Ret=float, _CharT=wchar_t, _Base=<>]" at line 6777 of
[2024-11-18 15:23:41][25092][C:\work\venom.slave\workspace\test.engine.build.release_master@2\cpp\cpptest\modules\cpptestcc\src\CmdlnTools.cc:84] [cpptestcc]                     "/usr/lib/gcc/x86_64-pc-cygwin/11/include/c++/bits/basic_st
[2024-11-18 15:23:41][25092][C:\work\venom.slave\workspace\test.engine.build.release_master@2\cpp\cpptest\modules\cpptestcc\src\CmdlnTools.cc:84] [cpptestcc]                     ring.h"
[2024-11-18 15:23:41][25092][C:\work\venom.slave\workspace\test.engine.build.release_master@2\cpp\cpptest\modules\cpptestcc\src\CmdlnTools.cc:84] [cpptestcc] 
[2024-11-18 15:23:41][25092][C:\work\venom.slave\workspace\test.engine.build.release_master@2\cpp\cpptest\modules\cpptestcc\src\CmdlnTools.cc:84] [cpptestcc] "/usr/lib/gcc/x86_64-pc-cygwin/11/include/c++/ext/string_conversions.h", line
[2024-11-18 15:23:41][25092][C:\work\venom.slave\workspace\test.engine.build.release_master@2\cpp\cpptest\modules\cpptestcc\src\CmdlnTools.cc:84] [cpptestcc]           85: error: no instance of overloaded function "_Range_chk::_S_chk"
[2024-11-18 15:23:41][25092][C:\work\venom.slave\workspace\test.engine.build.release_master@2\cpp\cpptest\modules\cpptestcc\src\CmdlnTools.cc:84] [cpptestcc]           matches the argument list
[2024-11-18 15:23:41][25092][C:\work\venom.slave\workspace\test.engine.build.release_master@2\cpp\cpptest\modules\cpptestcc\src\CmdlnTools.cc:84] [cpptestcc]             argument types are: (const double, std::is_same<double, int>)
[2024-11-18 15:23:41][25092][C:\work\venom.slave\workspace\test.engine.build.release_master@2\cpp\cpptest\modules\cpptestcc\src\CmdlnTools.cc:84] [cpptestcc]      || _Range_chk::_S_chk(__tmp, std::is_same<_Ret, int>{}))
[2024-11-18 15:23:41][25092][C:\work\venom.slave\workspace\test.engine.build.release_master@2\cpp\cpptest\modules\cpptestcc\src\CmdlnTools.cc:84] [cpptestcc]         ^
[2024-11-18 15:23:41][25092][C:\work\venom.slave\workspace\test.engine.build.release_master@2\cpp\cpptest\modules\cpptestcc\src\CmdlnTools.cc:84] [cpptestcc] "/usr/lib/gcc/x86_64-pc-cygwin/11/include/c++/ext/string_conversions.h", line
[2024-11-18 15:23:41][25092][C:\work\venom.slave\workspace\test.engine.build.release_master@2\cpp\cpptest\modules\cpptestcc\src\CmdlnTools.cc:84] [cpptestcc]           73: note: function "_Range_chk::_S_chk(double, std::true_type)" does
[2024-11-18 15:23:41][25092][C:\work\venom.slave\workspace\test.engine.build.release_master@2\cpp\cpptest\modules\cpptestcc\src\CmdlnTools.cc:84] [cpptestcc]           not match because argument #2 does not match parameter
[2024-11-18 15:23:41][25092][C:\work\venom.slave\workspace\test.engine.build.release_master@2\cpp\cpptest\modules\cpptestcc\src\CmdlnTools.cc:84] [cpptestcc]      _S_chk(_TRet __val, std::true_type)
[2024-11-18 15:23:41][25092][C:\work\venom.slave\workspace\test.engine.build.release_master@2\cpp\cpptest\modules\cpptestcc\src\CmdlnTools.cc:84] [cpptestcc]      ^
[2024-11-18 15:23:41][25092][C:\work\venom.slave\workspace\test.engine.build.release_master@2\cpp\cpptest\modules\cpptestcc\src\CmdlnTools.cc:84] [cpptestcc] "/usr/lib/gcc/x86_64-pc-cygwin/11/include/c++/ext/string_conversions.h", line
[2024-11-18 15:23:41][25092][C:\work\venom.slave\workspace\test.engine.build.release_master@2\cpp\cpptest\modules\cpptestcc\src\CmdlnTools.cc:84] [cpptestcc]           70: note: function "_Range_chk::_S_chk(double, std::false_type)" does
[2024-11-18 15:23:41][25092][C:\work\venom.slave\workspace\test.engine.build.release_master@2\cpp\cpptest\modules\cpptestcc\src\CmdlnTools.cc:84] [cpptestcc]           not match because argument #2 does not match parameter
[2024-11-18 15:23:41][25092][C:\work\venom.slave\workspace\test.engine.build.release_master@2\cpp\cpptest\modules\cpptestcc\src\CmdlnTools.cc:84] [cpptestcc]      _S_chk(_TRet, std::false_type) { return false; }
[2024-11-18 15:23:41][25092][C:\work\venom.slave\workspace\test.engine.build.release_master@2\cpp\cpptest\modules\cpptestcc\src\CmdlnTools.cc:84] [cpptestcc]      ^
[2024-11-18 15:23:41][25092][C:\work\venom.slave\workspace\test.engine.build.release_master@2\cpp\cpptest\modules\cpptestcc\src\CmdlnTools.cc:84] [cpptestcc]           detected during instantiation of "_Ret __gnu_cxx::__stoa(_TRet
[2024-11-18 15:23:41][25092][C:\work\venom.slave\workspace\test.engine.build.release_master@2\cpp\cpptest\modules\cpptestcc\src\CmdlnTools.cc:84] [cpptestcc]                     (*)(const _CharT *, _CharT **, _Base...), const char *,
[2024-11-18 15:23:41][25092][C:\work\venom.slave\workspace\test.engine.build.release_master@2\cpp\cpptest\modules\cpptestcc\src\CmdlnTools.cc:84] [cpptestcc]                     const _CharT *, std::size_t *, _Base...) [with
[2024-11-18 15:23:41][25092][C:\work\venom.slave\workspace\test.engine.build.release_master@2\cpp\cpptest\modules\cpptestcc\src\CmdlnTools.cc:84] [cpptestcc]                     _TRet=double, _Ret=double, _CharT=wchar_t, _Base=<>]" at
[2024-11-18 15:23:41][25092][C:\work\venom.slave\workspace\test.engine.build.release_master@2\cpp\cpptest\modules\cpptestcc\src\CmdlnTools.cc:84] [cpptestcc]                     line 6781 of
[2024-11-18 15:23:41][25092][C:\work\venom.slave\workspace\test.engine.build.release_master@2\cpp\cpptest\modules\cpptestcc\src\CmdlnTools.cc:84] [cpptestcc]                     "/usr/lib/gcc/x86_64-pc-cygwin/11/include/c++/bits/basic_st
[2024-11-18 15:23:41][25092][C:\work\venom.slave\workspace\test.engine.build.release_master@2\cpp\cpptest\modules\cpptestcc\src\CmdlnTools.cc:84] [cpptestcc]                     ring.h"
[2024-11-18 15:23:41][25092][C:\work\venom.slave\workspace\test.engine.build.release_master@2\cpp\cpptest\modules\cpptestcc\src\CmdlnTools.cc:84] [cpptestcc] 
[2024-11-18 15:23:41][25092][C:\work\venom.slave\workspace\test.engine.build.release_master@2\cpp\cpptest\modules\cpptestcc\src\CmdlnTools.cc:84] [cpptestcc] "/usr/lib/gcc/x86_64-pc-cygwin/11/include/c++/ext/string_conversions.h", line
[2024-11-18 15:23:41][25092][C:\work\venom.slave\workspace\test.engine.build.release_master@2\cpp\cpptest\modules\cpptestcc\src\CmdlnTools.cc:84] [cpptestcc]           85: error: no instance of overloaded function "_Range_chk::_S_chk"
[2024-11-18 15:23:41][25092][C:\work\venom.slave\workspace\test.engine.build.release_master@2\cpp\cpptest\modules\cpptestcc\src\CmdlnTools.cc:84] [cpptestcc]           matches the argument list
[2024-11-18 15:23:41][25092][C:\work\venom.slave\workspace\test.engine.build.release_master@2\cpp\cpptest\modules\cpptestcc\src\CmdlnTools.cc:84] [cpptestcc]             argument types are: (const long double, std::is_same<long double,
[2024-11-18 15:23:41][25092][C:\work\venom.slave\workspace\test.engine.build.release_master@2\cpp\cpptest\modules\cpptestcc\src\CmdlnTools.cc:84] [cpptestcc]                       int>)
[2024-11-18 15:23:41][25092][C:\work\venom.slave\workspace\test.engine.build.release_master@2\cpp\cpptest\modules\cpptestcc\src\CmdlnTools.cc:84] [cpptestcc]      || _Range_chk::_S_chk(__tmp, std::is_same<_Ret, int>{}))
[2024-11-18 15:23:41][25092][C:\work\venom.slave\workspace\test.engine.build.release_master@2\cpp\cpptest\modules\cpptestcc\src\CmdlnTools.cc:84] [cpptestcc]         ^
[2024-11-18 15:23:41][25092][C:\work\venom.slave\workspace\test.engine.build.release_master@2\cpp\cpptest\modules\cpptestcc\src\CmdlnTools.cc:84] [cpptestcc] "/usr/lib/gcc/x86_64-pc-cygwin/11/include/c++/ext/string_conversions.h", line
[2024-11-18 15:23:41][25092][C:\work\venom.slave\workspace\test.engine.build.release_master@2\cpp\cpptest\modules\cpptestcc\src\CmdlnTools.cc:84] [cpptestcc]           73: note: function "_Range_chk::_S_chk(long double, std::true_type)"
[2024-11-18 15:23:41][25092][C:\work\venom.slave\workspace\test.engine.build.release_master@2\cpp\cpptest\modules\cpptestcc\src\CmdlnTools.cc:84] [cpptestcc]           does not match because argument #2 does not match parameter
[2024-11-18 15:23:41][25092][C:\work\venom.slave\workspace\test.engine.build.release_master@2\cpp\cpptest\modules\cpptestcc\src\CmdlnTools.cc:84] [cpptestcc]      _S_chk(_TRet __val, std::true_type)
[2024-11-18 15:23:41][25092][C:\work\venom.slave\workspace\test.engine.build.release_master@2\cpp\cpptest\modules\cpptestcc\src\CmdlnTools.cc:84] [cpptestcc]      ^
[2024-11-18 15:23:41][25092][C:\work\venom.slave\workspace\test.engine.build.release_master@2\cpp\cpptest\modules\cpptestcc\src\CmdlnTools.cc:84] [cpptestcc] "/usr/lib/gcc/x86_64-pc-cygwin/11/include/c++/ext/string_conversions.h", line
[2024-11-18 15:23:41][25092][C:\work\venom.slave\workspace\test.engine.build.release_master@2\cpp\cpptest\modules\cpptestcc\src\CmdlnTools.cc:84] [cpptestcc]           70: note: function "_Range_chk::_S_chk(long double, std::false_type)"
[2024-11-18 15:23:41][25092][C:\work\venom.slave\workspace\test.engine.build.release_master@2\cpp\cpptest\modules\cpptestcc\src\CmdlnTools.cc:84] [cpptestcc]           does not match because argument #2 does not match parameter
[2024-11-18 15:23:41][25092][C:\work\venom.slave\workspace\test.engine.build.release_master@2\cpp\cpptest\modules\cpptestcc\src\CmdlnTools.cc:84] [cpptestcc]      _S_chk(_TRet, std::false_type) { return false; }
[2024-11-18 15:23:41][25092][C:\work\venom.slave\workspace\test.engine.build.release_master@2\cpp\cpptest\modules\cpptestcc\src\CmdlnTools.cc:84] [cpptestcc]      ^
[2024-11-18 15:23:41][25092][C:\work\venom.slave\workspace\test.engine.build.release_master@2\cpp\cpptest\modules\cpptestcc\src\CmdlnTools.cc:84] [cpptestcc]           detected during instantiation of "_Ret __gnu_cxx::__stoa(_TRet
[2024-11-18 15:23:41][25092][C:\work\venom.slave\workspace\test.engine.build.release_master@2\cpp\cpptest\modules\cpptestcc\src\CmdlnTools.cc:84] [cpptestcc]                     (*)(const _CharT *, _CharT **, _Base...), const char *,
[2024-11-18 15:23:41][25092][C:\work\venom.slave\workspace\test.engine.build.release_master@2\cpp\cpptest\modules\cpptestcc\src\CmdlnTools.cc:84] [cpptestcc]                     const _CharT *, std::size_t *, _Base...) [with _TRet=long
[2024-11-18 15:23:41][25092][C:\work\venom.slave\workspace\test.engine.build.release_master@2\cpp\cpptest\modules\cpptestcc\src\CmdlnTools.cc:84] [cpptestcc]                     double, _Ret=long double, _CharT=wchar_t, _Base=<>]" at
[2024-11-18 15:23:41][25092][C:\work\venom.slave\workspace\test.engine.build.release_master@2\cpp\cpptest\modules\cpptestcc\src\CmdlnTools.cc:84] [cpptestcc]                     line 6785 of
[2024-11-18 15:23:41][25092][C:\work\venom.slave\workspace\test.engine.build.release_master@2\cpp\cpptest\modules\cpptestcc\src\CmdlnTools.cc:84] [cpptestcc]                     "/usr/lib/gcc/x86_64-pc-cygwin/11/include/c++/bits/basic_st
[2024-11-18 15:23:41][25092][C:\work\venom.slave\workspace\test.engine.build.release_master@2\cpp\cpptest\modules\cpptestcc\src\CmdlnTools.cc:84] [cpptestcc]                     ring.h"
[2024-11-18 15:23:41][25092][C:\work\venom.slave\workspace\test.engine.build.release_master@2\cpp\cpptest\modules\cpptestcc\src\CmdlnTools.cc:84] [cpptestcc] 
[2024-11-18 15:23:41][25092][C:\work\venom.slave\workspace\test.engine.build.release_master@2\cpp\cpptest\modules\cpptestcc\src\CmdlnTools.cc:420] [cpptestcc] Preprocessing file Account.cxx
[2024-11-18 15:23:41][25092][C:\work\venom.slave\workspace\test.engine.build.release_master@2\cpp\cpptest\modules\cpptestcc\src\CmdlnTools.cc:122] [cpptestcc] Executing command: "c:\Parasoft\cpptest\2024.1_standalone\bin\engine\bin/xharness" "--input=Account.cxx" "--outputFileName=.\.cpptest/cpptestcc\fe\a61394\0\Account.cxx.prep" "--compiler-cfg-file=c:\Parasoft\cpptest\2024.1_standalone\bin\engine\etc\compilers\gcc_7-64\cpp.psrc" "--preprocessorExecutable=cc"  --native-options-start -I include -D defines -c  --native-options-end
[2024-11-18 15:23:41][25092][C:\work\venom.slave\workspace\test.engine.build.release_master@2\cpp\cpptest\modules\cpptestcc\src\CmdlnTools.cc:157] [cpptestcc] Command finished with exit status: 0
[2024-11-18 15:23:41][25092][C:\work\venom.slave\workspace\test.engine.build.release_master@2\cpp\cpptest\modules\cpptestcc\src\CmdlnTools.cc:140] preprocess=0
[2024-11-18 15:23:41][25092][C:\work\venom.slave\workspace\test.engine.build.release_master@2\cpp\cpptest\modules\cpptestcc\src\CmdlnTools.cc:122] [cpptestcc] Executing command: cc "-Ic:\Parasoft\cpptest\2024.1_standalone\bin\engine\coverage\runtime\include" -I include -D defines -c Account.cxx 
[2024-11-18 15:23:42][25092][C:\work\venom.slave\workspace\test.engine.build.release_master@2\cpp\cpptest\modules\cpptestcc\src\CmdlnTools.cc:157] [cpptestcc] Command finished with exit status: 0
[2024-11-18 15:23:42][25092][C:\work\venom.slave\workspace\test.engine.build.release_master@2\cpp\cpptest\modules\cpptestcc\src\CmdlnTools.cc:140] compiler=0
