[2024-11-18 15:14:10][9304][C:\work\venom.slave\workspace\test.engine.build.release_master@2\cpp\cpptest\modules\cpptestcc\src\Cpptestcc.cc:456] [cpptestcc] Command line: "engine\bin\cpptestcc1" -compiler gcc_7-64 -line-coverage -- cc -I app/includes -D defines -c ATM.cxx 
[2024-11-18 15:14:10][9304][C:\work\venom.slave\workspace\test.engine.build.release_master@2\cpp\cpptest\modules\cpptestcc\src\Coverage.cc:200] [cpptestcc] Preparing code instrumentation for ATM.cxx
[2024-11-18 15:14:10][9304][C:\work\venom.slave\workspace\test.engine.build.release_master@2\cpp\cpptest\modules\cpptestcc\src\Coverage.cc:203] [cpptestcc] Source file path (absolute): d:\workspace\2024.1\ATM\ATM.cxx
[2024-11-18 15:14:10][9304][C:\work\venom.slave\workspace\test.engine.build.release_master@2\cpp\cpptest\modules\cpptestcc\src\Coverage.cc:204] [cpptestcc] Source file path (relative): ATM.cxx
[2024-11-18 15:14:10][9304][C:\work\venom.slave\workspace\test.engine.build.release_master@2\cpp\cpptest\modules\cpptestcc\src\CmdlnTools.cc:390] [cpptestcc] Executing xharness for file: ATM.cxx
[2024-11-18 15:14:10][9304][C:\work\venom.slave\workspace\test.engine.build.release_master@2\cpp\cpptest\modules\cpptestcc\src\CmdlnTools.cc:122] [cpptestcc] Executing command: "c:\Parasoft\cpptest\2024.1_standalone\bin\engine\bin/xharness" "--dtp=true" "--input=ATM.cxx" "--outputFileName=.\.cpptest/cpptestcc\1731939250563_9304\0\ATM.cxx" "--compiler-cfg-file=c:\Parasoft\cpptest\2024.1_standalone\bin\engine\etc\compilers\gcc_7-64\cpp.psrc" "--preprocessorExecutable=cc" "--psrc=.\.cpptest/cpptestcc\1731939250563_9304\0\xharness.psrc"  --native-options-start -I app/includes -D defines -c  --native-options-end
[2024-11-18 15:14:10][9304][C:\work\venom.slave\workspace\test.engine.build.release_master@2\cpp\cpptest\modules\cpptestcc\src\CmdlnTools.cc:157] [cpptestcc] Command finished with exit status: 1
[2024-11-18 15:14:10][9304][C:\work\venom.slave\workspace\test.engine.build.release_master@2\cpp\cpptest\modules\cpptestcc\src\CmdlnTools.cc:140] xharness=1
[2024-11-18 15:14:10][9304][C:\work\venom.slave\workspace\test.engine.build.release_master@2\cpp\cpptest\modules\cpptestcc\src\CmdlnTools.cc:84] [cpptestcc] ATM.cxx:1:10: fatal error: ATM.hxx: No such file or directory
[2024-11-18 15:14:10][9304][C:\work\venom.slave\workspace\test.engine.build.release_master@2\cpp\cpptest\modules\cpptestcc\src\CmdlnTools.cc:84] [cpptestcc]     1 | #include "ATM.hxx"
[2024-11-18 15:14:10][9304][C:\work\venom.slave\workspace\test.engine.build.release_master@2\cpp\cpptest\modules\cpptestcc\src\CmdlnTools.cc:84] [cpptestcc]       |          ^~~~~~~~~
[2024-11-18 15:14:10][9304][C:\work\venom.slave\workspace\test.engine.build.release_master@2\cpp\cpptest\modules\cpptestcc\src\CmdlnTools.cc:84] [cpptestcc] compilation terminated.
[2024-11-18 15:14:10][9304][C:\work\venom.slave\workspace\test.engine.build.release_master@2\cpp\cpptest\modules\cpptestcc\src\CmdlnTools.cc:84] [cpptestcc] Error preprocessing file "ATM.cxx": 
[2024-11-18 15:14:10][9304][C:\work\venom.slave\workspace\test.engine.build.release_master@2\cpp\cpptest\modules\cpptestcc\src\CmdlnTools.cc:84] [cpptestcc] Process exited with status: 1
[2024-11-18 15:14:10][9304][C:\work\venom.slave\workspace\test.engine.build.release_master@2\cpp\cpptest\modules\cpptestcc\src\CmdlnTools.cc:420] [cpptestcc] Preprocessing file ATM.cxx
[2024-11-18 15:14:10][9304][C:\work\venom.slave\workspace\test.engine.build.release_master@2\cpp\cpptest\modules\cpptestcc\src\CmdlnTools.cc:122] [cpptestcc] Executing command: "c:\Parasoft\cpptest\2024.1_standalone\bin\engine\bin/xharness" "--input=ATM.cxx" "--outputFileName=.\.cpptest/cpptestcc\f4\37ea81\0\ATM.cxx.prep" "--compiler-cfg-file=c:\Parasoft\cpptest\2024.1_standalone\bin\engine\etc\compilers\gcc_7-64\cpp.psrc" "--preprocessorExecutable=cc"  --native-options-start -I app/includes -D defines -c  --native-options-end
[2024-11-18 15:14:11][9304][C:\work\venom.slave\workspace\test.engine.build.release_master@2\cpp\cpptest\modules\cpptestcc\src\CmdlnTools.cc:157] [cpptestcc] Command finished with exit status: 1
[2024-11-18 15:14:11][9304][C:\work\venom.slave\workspace\test.engine.build.release_master@2\cpp\cpptest\modules\cpptestcc\src\CmdlnTools.cc:140] preprocess=1
[2024-11-18 15:14:11][9304][C:\work\venom.slave\workspace\test.engine.build.release_master@2\cpp\cpptest\modules\cpptestcc\src\CmdlnTools.cc:84] [cpptestcc] ATM.cxx:1:10: fatal error: ATM.hxx: No such file or directory
[2024-11-18 15:14:11][9304][C:\work\venom.slave\workspace\test.engine.build.release_master@2\cpp\cpptest\modules\cpptestcc\src\CmdlnTools.cc:84] [cpptestcc]     1 | #include "ATM.hxx"
[2024-11-18 15:14:11][9304][C:\work\venom.slave\workspace\test.engine.build.release_master@2\cpp\cpptest\modules\cpptestcc\src\CmdlnTools.cc:84] [cpptestcc]       |          ^~~~~~~~~
[2024-11-18 15:14:11][9304][C:\work\venom.slave\workspace\test.engine.build.release_master@2\cpp\cpptest\modules\cpptestcc\src\CmdlnTools.cc:84] [cpptestcc] compilation terminated.
[2024-11-18 15:14:11][9304][C:\work\venom.slave\workspace\test.engine.build.release_master@2\cpp\cpptest\modules\cpptestcc\src\CmdlnTools.cc:84] [cpptestcc] Error preprocessing file "ATM.cxx": 
[2024-11-18 15:14:11][9304][C:\work\venom.slave\workspace\test.engine.build.release_master@2\cpp\cpptest\modules\cpptestcc\src\CmdlnTools.cc:84] [cpptestcc] Process exited with status: 1
[2024-11-18 15:14:11][9304][C:\work\venom.slave\workspace\test.engine.build.release_master@2\cpp\cpptest\modules\cpptestcc\src\CmdlnTools.cc:122] [cpptestcc] Executing command: cc "-Ic:\Parasoft\cpptest\2024.1_standalone\bin\engine\coverage\runtime\include" -I app/includes -D defines -c ATM.cxx 
[2024-11-18 15:14:11][9304][C:\work\venom.slave\workspace\test.engine.build.release_master@2\cpp\cpptest\modules\cpptestcc\src\CmdlnTools.cc:157] [cpptestcc] Command finished with exit status: 1
[2024-11-18 15:14:11][9304][C:\work\venom.slave\workspace\test.engine.build.release_master@2\cpp\cpptest\modules\cpptestcc\src\CmdlnTools.cc:140] compiler=1
[2024-11-18 15:14:11][9304][C:\work\venom.slave\workspace\test.engine.build.release_master@2\cpp\cpptest\modules\cpptestcc\src\CmdlnTools.cc:84] [cpptestcc] ATM.cxx:1:10: fatal error: ATM.hxx: No such file or directory
[2024-11-18 15:14:11][9304][C:\work\venom.slave\workspace\test.engine.build.release_master@2\cpp\cpptest\modules\cpptestcc\src\CmdlnTools.cc:84] [cpptestcc]     1 | #include "ATM.hxx"
[2024-11-18 15:14:11][9304][C:\work\venom.slave\workspace\test.engine.build.release_master@2\cpp\cpptest\modules\cpptestcc\src\CmdlnTools.cc:84] [cpptestcc]       |          ^~~~~~~~~
[2024-11-18 15:14:11][9304][C:\work\venom.slave\workspace\test.engine.build.release_master@2\cpp\cpptest\modules\cpptestcc\src\CmdlnTools.cc:84] [cpptestcc] compilation terminated.
